[2016-02-02 12:11:08] production.ERROR: exception 'InvalidArgumentException' with message 'There are no commands defined in the "make" namespace.' in C:\xampp\htdocs\fingerprint\vendor\symfony\console\Symfony\Component\Console\Application.php:516
Stack trace:
#0 C:\xampp\htdocs\fingerprint\vendor\symfony\console\Symfony\Component\Console\Application.php(550): Symfony\Component\Console\Application->findNamespace('make')
#1 C:\xampp\htdocs\fingerprint\vendor\symfony\console\Symfony\Component\Console\Application.php(190): Symfony\Component\Console\Application->find('make:controller')
#2 C:\xampp\htdocs\fingerprint\vendor\symfony\console\Symfony\Component\Console\Application.php(124): Symfony\Component\Console\Application->doRun(Object(Symfony\Component\Console\Input\ArgvInput), Object(Symfony\Component\Console\Output\ConsoleOutput))
#3 C:\xampp\htdocs\fingerprint\artisan(59): Symfony\Component\Console\Application->run()
#4 {main} [] []
[2016-02-02 12:17:46] production.ERROR: exception 'ErrorException' with message 'Array to string conversion' in C:\xampp\htdocs\fingerprint\app\controllers\FingerprintController.php:13
Stack trace:
#0 C:\xampp\htdocs\fingerprint\app\controllers\FingerprintController.php(13): Illuminate\Exception\Handler->handleError(8, 'Array to string...', 'C:\\xampp\\htdocs...', 13, Array)
#1 [internal function]: FingerprintController->index()
#2 C:\xampp\htdocs\fingerprint\vendor\laravel\framework\src\Illuminate\Routing\Controller.php(231): call_user_func_array(Array, Array)
#3 C:\xampp\htdocs\fingerprint\bootstrap\compiled.php(5847): Illuminate\Routing\Controller->callAction('index', Array)
#4 C:\xampp\htdocs\fingerprint\bootstrap\compiled.php(5835): Illuminate\Routing\ControllerDispatcher->call(Object(FingerprintController), Object(Illuminate\Routing\Route), 'index')
#5 C:\xampp\htdocs\fingerprint\bootstrap\compiled.php(5040): Illuminate\Routing\ControllerDispatcher->dispatch(Object(Illuminate\Routing\Route), Object(Illuminate\Http\Request), 'FingerprintCont...', 'index')
#6 [internal function]: Illuminate\Routing\Router->Illuminate\Routing\{closure}()
#7 C:\xampp\htdocs\fingerprint\bootstrap\compiled.php(5398): call_user_func_array(Object(Closure), Array)
#8 C:\xampp\htdocs\fingerprint\bootstrap\compiled.php(5065): Illuminate\Routing\Route->run(Object(Illuminate\Http\Request))
#9 C:\xampp\htdocs\fingerprint\bootstrap\compiled.php(5053): Illuminate\Routing\Router->dispatchToRoute(Object(Illuminate\Http\Request))
#10 C:\xampp\htdocs\fingerprint\bootstrap\compiled.php(715): Illuminate\Routing\Router->dispatch(Object(Illuminate\Http\Request))
#11 C:\xampp\htdocs\fingerprint\bootstrap\compiled.php(696): Illuminate\Foundation\Application->dispatch(Object(Illuminate\Http\Request))
#12 C:\xampp\htdocs\fingerprint\bootstrap\compiled.php(7825): Illuminate\Foundation\Application->handle(Object(Illuminate\Http\Request), 1, true)
#13 C:\xampp\htdocs\fingerprint\bootstrap\compiled.php(8432): Illuminate\Session\Middleware->handle(Object(Illuminate\Http\Request), 1, true)
#14 C:\xampp\htdocs\fingerprint\bootstrap\compiled.php(8379): Illuminate\Cookie\Queue->handle(Object(Illuminate\Http\Request), 1, true)
#15 C:\xampp\htdocs\fingerprint\bootstrap\compiled.php(11088): Illuminate\Cookie\Guard->handle(Object(Illuminate\Http\Request), 1, true)
#16 C:\xampp\htdocs\fingerprint\bootstrap\compiled.php(657): Stack\StackedHttpKernel->handle(Object(Illuminate\Http\Request))
#17 C:\xampp\htdocs\fingerprint\public\index.php(49): Illuminate\Foundation\Application->run()
#18 {main} [] []
[2016-02-02 12:18:38] production.ERROR: exception 'ErrorException' with message 'Array to string conversion' in C:\xampp\htdocs\fingerprint\app\controllers\FingerprintController.php:13
Stack trace:
#0 C:\xampp\htdocs\fingerprint\app\controllers\FingerprintController.php(13): Illuminate\Exception\Handler->handleError(8, 'Array to string...', 'C:\\xampp\\htdocs...', 13, Array)
#1 [internal function]: FingerprintController->index()
#2 C:\xampp\htdocs\fingerprint\vendor\laravel\framework\src\Illuminate\Routing\Controller.php(231): call_user_func_array(Array, Array)
#3 C:\xampp\htdocs\fingerprint\bootstrap\compiled.php(5847): Illuminate\Routing\Controller->callAction('index', Array)
#4 C:\xampp\htdocs\fingerprint\bootstrap\compiled.php(5835): Illuminate\Routing\ControllerDispatcher->call(Object(FingerprintController), Object(Illuminate\Routing\Route), 'index')
#5 C:\xampp\htdocs\fingerprint\bootstrap\compiled.php(5040): Illuminate\Routing\ControllerDispatcher->dispatch(Object(Illuminate\Routing\Route), Object(Illuminate\Http\Request), 'FingerprintCont...', 'index')
#6 [internal function]: Illuminate\Routing\Router->Illuminate\Routing\{closure}()
#7 C:\xampp\htdocs\fingerprint\bootstrap\compiled.php(5398): call_user_func_array(Object(Closure), Array)
#8 C:\xampp\htdocs\fingerprint\bootstrap\compiled.php(5065): Illuminate\Routing\Route->run(Object(Illuminate\Http\Request))
#9 C:\xampp\htdocs\fingerprint\bootstrap\compiled.php(5053): Illuminate\Routing\Router->dispatchToRoute(Object(Illuminate\Http\Request))
#10 C:\xampp\htdocs\fingerprint\bootstrap\compiled.php(715): Illuminate\Routing\Router->dispatch(Object(Illuminate\Http\Request))
#11 C:\xampp\htdocs\fingerprint\bootstrap\compiled.php(696): Illuminate\Foundation\Application->dispatch(Object(Illuminate\Http\Request))
#12 C:\xampp\htdocs\fingerprint\bootstrap\compiled.php(7825): Illuminate\Foundation\Application->handle(Object(Illuminate\Http\Request), 1, true)
#13 C:\xampp\htdocs\fingerprint\bootstrap\compiled.php(8432): Illuminate\Session\Middleware->handle(Object(Illuminate\Http\Request), 1, true)
#14 C:\xampp\htdocs\fingerprint\bootstrap\compiled.php(8379): Illuminate\Cookie\Queue->handle(Object(Illuminate\Http\Request), 1, true)
#15 C:\xampp\htdocs\fingerprint\bootstrap\compiled.php(11088): Illuminate\Cookie\Guard->handle(Object(Illuminate\Http\Request), 1, true)
#16 C:\xampp\htdocs\fingerprint\bootstrap\compiled.php(657): Stack\StackedHttpKernel->handle(Object(Illuminate\Http\Request))
#17 C:\xampp\htdocs\fingerprint\public\index.php(49): Illuminate\Foundation\Application->run()
#18 {main} [] []
[2016-02-02 12:19:20] production.ERROR: exception 'ErrorException' with message 'Array to string conversion' in C:\xampp\htdocs\fingerprint\app\controllers\FingerprintController.php:13
Stack trace:
#0 C:\xampp\htdocs\fingerprint\app\controllers\FingerprintController.php(13): Illuminate\Exception\Handler->handleError(8, 'Array to string...', 'C:\\xampp\\htdocs...', 13, Array)
#1 [internal function]: FingerprintController->index()
#2 C:\xampp\htdocs\fingerprint\vendor\laravel\framework\src\Illuminate\Routing\Controller.php(231): call_user_func_array(Array, Array)
#3 C:\xampp\htdocs\fingerprint\bootstrap\compiled.php(5847): Illuminate\Routing\Controller->callAction('index', Array)
#4 C:\xampp\htdocs\fingerprint\bootstrap\compiled.php(5835): Illuminate\Routing\ControllerDispatcher->call(Object(FingerprintController), Object(Illuminate\Routing\Route), 'index')
#5 C:\xampp\htdocs\fingerprint\bootstrap\compiled.php(5040): Illuminate\Routing\ControllerDispatcher->dispatch(Object(Illuminate\Routing\Route), Object(Illuminate\Http\Request), 'FingerprintCont...', 'index')
#6 [internal function]: Illuminate\Routing\Router->Illuminate\Routing\{closure}()
#7 C:\xampp\htdocs\fingerprint\bootstrap\compiled.php(5398): call_user_func_array(Object(Closure), Array)
#8 C:\xampp\htdocs\fingerprint\bootstrap\compiled.php(5065): Illuminate\Routing\Route->run(Object(Illuminate\Http\Request))
#9 C:\xampp\htdocs\fingerprint\bootstrap\compiled.php(5053): Illuminate\Routing\Router->dispatchToRoute(Object(Illuminate\Http\Request))
#10 C:\xampp\htdocs\fingerprint\bootstrap\compiled.php(715): Illuminate\Routing\Router->dispatch(Object(Illuminate\Http\Request))
#11 C:\xampp\htdocs\fingerprint\bootstrap\compiled.php(696): Illuminate\Foundation\Application->dispatch(Object(Illuminate\Http\Request))
#12 C:\xampp\htdocs\fingerprint\bootstrap\compiled.php(7825): Illuminate\Foundation\Application->handle(Object(Illuminate\Http\Request), 1, true)
#13 C:\xampp\htdocs\fingerprint\bootstrap\compiled.php(8432): Illuminate\Session\Middleware->handle(Object(Illuminate\Http\Request), 1, true)
#14 C:\xampp\htdocs\fingerprint\bootstrap\compiled.php(8379): Illuminate\Cookie\Queue->handle(Object(Illuminate\Http\Request), 1, true)
#15 C:\xampp\htdocs\fingerprint\bootstrap\compiled.php(11088): Illuminate\Cookie\Guard->handle(Object(Illuminate\Http\Request), 1, true)
#16 C:\xampp\htdocs\fingerprint\bootstrap\compiled.php(657): Stack\StackedHttpKernel->handle(Object(Illuminate\Http\Request))
#17 C:\xampp\htdocs\fingerprint\public\index.php(49): Illuminate\Foundation\Application->run()
#18 {main} [] []
[2016-02-02 12:34:26] production.ERROR: exception 'ErrorException' with message 'fsockopen(): unable to connect to 192.168.100.30:80 (A connection attempt failed because the connected party did not properly respond after a period of time, or established connection failed because connected host has failed to respond.
)' in C:\xampp\htdocs\fingerprint\app\controllers\FingerprintController.php:19
Stack trace:
#0 [internal function]: Illuminate\Exception\Handler->handleError(2, 'fsockopen(): un...', 'C:\\xampp\\htdocs...', 19, Array)
#1 C:\xampp\htdocs\fingerprint\app\controllers\FingerprintController.php(19): fsockopen('192.168.100.30', '80', 10060, 'A connection at...', 1)
#2 C:\xampp\htdocs\fingerprint\app\controllers\FingerprintController.php(12): FingerprintController->get_logs()
#3 [internal function]: FingerprintController->index()
#4 C:\xampp\htdocs\fingerprint\vendor\laravel\framework\src\Illuminate\Routing\Controller.php(231): call_user_func_array(Array, Array)
#5 C:\xampp\htdocs\fingerprint\bootstrap\compiled.php(5847): Illuminate\Routing\Controller->callAction('index', Array)
#6 C:\xampp\htdocs\fingerprint\bootstrap\compiled.php(5835): Illuminate\Routing\ControllerDispatcher->call(Object(FingerprintController), Object(Illuminate\Routing\Route), 'index')
#7 C:\xampp\htdocs\fingerprint\bootstrap\compiled.php(5040): Illuminate\Routing\ControllerDispatcher->dispatch(Object(Illuminate\Routing\Route), Object(Illuminate\Http\Request), 'FingerprintCont...', 'index')
#8 [internal function]: Illuminate\Routing\Router->Illuminate\Routing\{closure}()
#9 C:\xampp\htdocs\fingerprint\bootstrap\compiled.php(5398): call_user_func_array(Object(Closure), Array)
#10 C:\xampp\htdocs\fingerprint\bootstrap\compiled.php(5065): Illuminate\Routing\Route->run(Object(Illuminate\Http\Request))
#11 C:\xampp\htdocs\fingerprint\bootstrap\compiled.php(5053): Illuminate\Routing\Router->dispatchToRoute(Object(Illuminate\Http\Request))
#12 C:\xampp\htdocs\fingerprint\bootstrap\compiled.php(715): Illuminate\Routing\Router->dispatch(Object(Illuminate\Http\Request))
#13 C:\xampp\htdocs\fingerprint\bootstrap\compiled.php(696): Illuminate\Foundation\Application->dispatch(Object(Illuminate\Http\Request))
#14 C:\xampp\htdocs\fingerprint\bootstrap\compiled.php(7825): Illuminate\Foundation\Application->handle(Object(Illuminate\Http\Request), 1, true)
#15 C:\xampp\htdocs\fingerprint\bootstrap\compiled.php(8432): Illuminate\Session\Middleware->handle(Object(Illuminate\Http\Request), 1, true)
#16 C:\xampp\htdocs\fingerprint\bootstrap\compiled.php(8379): Illuminate\Cookie\Queue->handle(Object(Illuminate\Http\Request), 1, true)
#17 C:\xampp\htdocs\fingerprint\bootstrap\compiled.php(11088): Illuminate\Cookie\Guard->handle(Object(Illuminate\Http\Request), 1, true)
#18 C:\xampp\htdocs\fingerprint\bootstrap\compiled.php(657): Stack\StackedHttpKernel->handle(Object(Illuminate\Http\Request))
#19 C:\xampp\htdocs\fingerprint\public\index.php(49): Illuminate\Foundation\Application->run()
#20 {main} [] []
[2016-02-02 12:34:42] production.ERROR: exception 'ErrorException' with message 'fsockopen(): unable to connect to 192.168.100.30:80 (A connection attempt failed because the connected party did not properly respond after a period of time, or established connection failed because connected host has failed to respond.
)' in C:\xampp\htdocs\fingerprint\app\controllers\FingerprintController.php:19
Stack trace:
#0 [internal function]: Illuminate\Exception\Handler->handleError(2, 'fsockopen(): un...', 'C:\\xampp\\htdocs...', 19, Array)
#1 C:\xampp\htdocs\fingerprint\app\controllers\FingerprintController.php(19): fsockopen('192.168.100.30', '80', 10060, 'A connection at...', 1)
#2 C:\xampp\htdocs\fingerprint\app\controllers\FingerprintController.php(12): FingerprintController->get_logs()
#3 [internal function]: FingerprintController->index()
#4 C:\xampp\htdocs\fingerprint\vendor\laravel\framework\src\Illuminate\Routing\Controller.php(231): call_user_func_array(Array, Array)
#5 C:\xampp\htdocs\fingerprint\bootstrap\compiled.php(5847): Illuminate\Routing\Controller->callAction('index', Array)
#6 C:\xampp\htdocs\fingerprint\bootstrap\compiled.php(5835): Illuminate\Routing\ControllerDispatcher->call(Object(FingerprintController), Object(Illuminate\Routing\Route), 'index')
#7 C:\xampp\htdocs\fingerprint\bootstrap\compiled.php(5040): Illuminate\Routing\ControllerDispatcher->dispatch(Object(Illuminate\Routing\Route), Object(Illuminate\Http\Request), 'FingerprintCont...', 'index')
#8 [internal function]: Illuminate\Routing\Router->Illuminate\Routing\{closure}()
#9 C:\xampp\htdocs\fingerprint\bootstrap\compiled.php(5398): call_user_func_array(Object(Closure), Array)
#10 C:\xampp\htdocs\fingerprint\bootstrap\compiled.php(5065): Illuminate\Routing\Route->run(Object(Illuminate\Http\Request))
#11 C:\xampp\htdocs\fingerprint\bootstrap\compiled.php(5053): Illuminate\Routing\Router->dispatchToRoute(Object(Illuminate\Http\Request))
#12 C:\xampp\htdocs\fingerprint\bootstrap\compiled.php(715): Illuminate\Routing\Router->dispatch(Object(Illuminate\Http\Request))
#13 C:\xampp\htdocs\fingerprint\bootstrap\compiled.php(696): Illuminate\Foundation\Application->dispatch(Object(Illuminate\Http\Request))
#14 C:\xampp\htdocs\fingerprint\bootstrap\compiled.php(7825): Illuminate\Foundation\Application->handle(Object(Illuminate\Http\Request), 1, true)
#15 C:\xampp\htdocs\fingerprint\bootstrap\compiled.php(8432): Illuminate\Session\Middleware->handle(Object(Illuminate\Http\Request), 1, true)
#16 C:\xampp\htdocs\fingerprint\bootstrap\compiled.php(8379): Illuminate\Cookie\Queue->handle(Object(Illuminate\Http\Request), 1, true)
#17 C:\xampp\htdocs\fingerprint\bootstrap\compiled.php(11088): Illuminate\Cookie\Guard->handle(Object(Illuminate\Http\Request), 1, true)
#18 C:\xampp\htdocs\fingerprint\bootstrap\compiled.php(657): Stack\StackedHttpKernel->handle(Object(Illuminate\Http\Request))
#19 C:\xampp\htdocs\fingerprint\public\index.php(49): Illuminate\Foundation\Application->run()
#20 {main} [] []
[2016-02-02 12:41:14] production.ERROR: exception 'ErrorException' with message 'fsockopen(): unable to connect to 192.168.100.30:80 (A connection attempt failed because the connected party did not properly respond after a period of time, or established connection failed because connected host has failed to respond.
)' in C:\xampp\htdocs\fingerprint\app\controllers\FingerprintController.php:19
Stack trace:
#0 [internal function]: Illuminate\Exception\Handler->handleError(2, 'fsockopen(): un...', 'C:\\xampp\\htdocs...', 19, Array)
#1 C:\xampp\htdocs\fingerprint\app\controllers\FingerprintController.php(19): fsockopen('192.168.100.30', '80', 10060, 'A connection at...', 1)
#2 C:\xampp\htdocs\fingerprint\app\controllers\FingerprintController.php(12): FingerprintController->get_logs()
#3 [internal function]: FingerprintController->index()
#4 C:\xampp\htdocs\fingerprint\vendor\laravel\framework\src\Illuminate\Routing\Controller.php(231): call_user_func_array(Array, Array)
#5 C:\xampp\htdocs\fingerprint\bootstrap\compiled.php(5847): Illuminate\Routing\Controller->callAction('index', Array)
#6 C:\xampp\htdocs\fingerprint\bootstrap\compiled.php(5835): Illuminate\Routing\ControllerDispatcher->call(Object(FingerprintController), Object(Illuminate\Routing\Route), 'index')
#7 C:\xampp\htdocs\fingerprint\bootstrap\compiled.php(5040): Illuminate\Routing\ControllerDispatcher->dispatch(Object(Illuminate\Routing\Route), Object(Illuminate\Http\Request), 'FingerprintCont...', 'index')
#8 [internal function]: Illuminate\Routing\Router->Illuminate\Routing\{closure}()
#9 C:\xampp\htdocs\fingerprint\bootstrap\compiled.php(5398): call_user_func_array(Object(Closure), Array)
#10 C:\xampp\htdocs\fingerprint\bootstrap\compiled.php(5065): Illuminate\Routing\Route->run(Object(Illuminate\Http\Request))
#11 C:\xampp\htdocs\fingerprint\bootstrap\compiled.php(5053): Illuminate\Routing\Router->dispatchToRoute(Object(Illuminate\Http\Request))
#12 C:\xampp\htdocs\fingerprint\bootstrap\compiled.php(715): Illuminate\Routing\Router->dispatch(Object(Illuminate\Http\Request))
#13 C:\xampp\htdocs\fingerprint\bootstrap\compiled.php(696): Illuminate\Foundation\Application->dispatch(Object(Illuminate\Http\Request))
#14 C:\xampp\htdocs\fingerprint\bootstrap\compiled.php(7825): Illuminate\Foundation\Application->handle(Object(Illuminate\Http\Request), 1, true)
#15 C:\xampp\htdocs\fingerprint\bootstrap\compiled.php(8432): Illuminate\Session\Middleware->handle(Object(Illuminate\Http\Request), 1, true)
#16 C:\xampp\htdocs\fingerprint\bootstrap\compiled.php(8379): Illuminate\Cookie\Queue->handle(Object(Illuminate\Http\Request), 1, true)
#17 C:\xampp\htdocs\fingerprint\bootstrap\compiled.php(11088): Illuminate\Cookie\Guard->handle(Object(Illuminate\Http\Request), 1, true)
#18 C:\xampp\htdocs\fingerprint\bootstrap\compiled.php(657): Stack\StackedHttpKernel->handle(Object(Illuminate\Http\Request))
#19 C:\xampp\htdocs\fingerprint\public\index.php(49): Illuminate\Foundation\Application->run()
#20 {main} [] []
[2016-02-02 12:41:21] production.ERROR: exception 'ErrorException' with message 'fsockopen(): unable to connect to 192.168.100.30:80 (A connection attempt failed because the connected party did not properly respond after a period of time, or established connection failed because connected host has failed to respond.
)' in C:\xampp\htdocs\fingerprint\app\controllers\FingerprintController.php:19
Stack trace:
#0 [internal function]: Illuminate\Exception\Handler->handleError(2, 'fsockopen(): un...', 'C:\\xampp\\htdocs...', 19, Array)
#1 C:\xampp\htdocs\fingerprint\app\controllers\FingerprintController.php(19): fsockopen('192.168.100.30', '80', 10060, 'A connection at...', 1)
#2 C:\xampp\htdocs\fingerprint\app\controllers\FingerprintController.php(12): FingerprintController->get_logs()
#3 [internal function]: FingerprintController->index()
#4 C:\xampp\htdocs\fingerprint\vendor\laravel\framework\src\Illuminate\Routing\Controller.php(231): call_user_func_array(Array, Array)
#5 C:\xampp\htdocs\fingerprint\bootstrap\compiled.php(5847): Illuminate\Routing\Controller->callAction('index', Array)
#6 C:\xampp\htdocs\fingerprint\bootstrap\compiled.php(5835): Illuminate\Routing\ControllerDispatcher->call(Object(FingerprintController), Object(Illuminate\Routing\Route), 'index')
#7 C:\xampp\htdocs\fingerprint\bootstrap\compiled.php(5040): Illuminate\Routing\ControllerDispatcher->dispatch(Object(Illuminate\Routing\Route), Object(Illuminate\Http\Request), 'FingerprintCont...', 'index')
#8 [internal function]: Illuminate\Routing\Router->Illuminate\Routing\{closure}()
#9 C:\xampp\htdocs\fingerprint\bootstrap\compiled.php(5398): call_user_func_array(Object(Closure), Array)
#10 C:\xampp\htdocs\fingerprint\bootstrap\compiled.php(5065): Illuminate\Routing\Route->run(Object(Illuminate\Http\Request))
#11 C:\xampp\htdocs\fingerprint\bootstrap\compiled.php(5053): Illuminate\Routing\Router->dispatchToRoute(Object(Illuminate\Http\Request))
#12 C:\xampp\htdocs\fingerprint\bootstrap\compiled.php(715): Illuminate\Routing\Router->dispatch(Object(Illuminate\Http\Request))
#13 C:\xampp\htdocs\fingerprint\bootstrap\compiled.php(696): Illuminate\Foundation\Application->dispatch(Object(Illuminate\Http\Request))
#14 C:\xampp\htdocs\fingerprint\bootstrap\compiled.php(7825): Illuminate\Foundation\Application->handle(Object(Illuminate\Http\Request), 1, true)
#15 C:\xampp\htdocs\fingerprint\bootstrap\compiled.php(8432): Illuminate\Session\Middleware->handle(Object(Illuminate\Http\Request), 1, true)
#16 C:\xampp\htdocs\fingerprint\bootstrap\compiled.php(8379): Illuminate\Cookie\Queue->handle(Object(Illuminate\Http\Request), 1, true)
#17 C:\xampp\htdocs\fingerprint\bootstrap\compiled.php(11088): Illuminate\Cookie\Guard->handle(Object(Illuminate\Http\Request), 1, true)
#18 C:\xampp\htdocs\fingerprint\bootstrap\compiled.php(657): Stack\StackedHttpKernel->handle(Object(Illuminate\Http\Request))
#19 C:\xampp\htdocs\fingerprint\public\index.php(49): Illuminate\Foundation\Application->run()
#20 {main} [] []
[2016-02-02 12:41:31] production.ERROR: exception 'ErrorException' with message 'fsockopen(): unable to connect to 192.168.100.30:80 (A connection attempt failed because the connected party did not properly respond after a period of time, or established connection failed because connected host has failed to respond.
)' in C:\xampp\htdocs\fingerprint\app\controllers\FingerprintController.php:19
Stack trace:
#0 [internal function]: Illuminate\Exception\Handler->handleError(2, 'fsockopen(): un...', 'C:\\xampp\\htdocs...', 19, Array)
#1 C:\xampp\htdocs\fingerprint\app\controllers\FingerprintController.php(19): fsockopen('192.168.100.30', '80', 10060, 'A connection at...', 1)
#2 C:\xampp\htdocs\fingerprint\app\controllers\FingerprintController.php(12): FingerprintController->get_logs()
#3 [internal function]: FingerprintController->index()
#4 C:\xampp\htdocs\fingerprint\vendor\laravel\framework\src\Illuminate\Routing\Controller.php(231): call_user_func_array(Array, Array)
#5 C:\xampp\htdocs\fingerprint\bootstrap\compiled.php(5847): Illuminate\Routing\Controller->callAction('index', Array)
#6 C:\xampp\htdocs\fingerprint\bootstrap\compiled.php(5835): Illuminate\Routing\ControllerDispatcher->call(Object(FingerprintController), Object(Illuminate\Routing\Route), 'index')
#7 C:\xampp\htdocs\fingerprint\bootstrap\compiled.php(5040): Illuminate\Routing\ControllerDispatcher->dispatch(Object(Illuminate\Routing\Route), Object(Illuminate\Http\Request), 'FingerprintCont...', 'index')
#8 [internal function]: Illuminate\Routing\Router->Illuminate\Routing\{closure}()
#9 C:\xampp\htdocs\fingerprint\bootstrap\compiled.php(5398): call_user_func_array(Object(Closure), Array)
#10 C:\xampp\htdocs\fingerprint\bootstrap\compiled.php(5065): Illuminate\Routing\Route->run(Object(Illuminate\Http\Request))
#11 C:\xampp\htdocs\fingerprint\bootstrap\compiled.php(5053): Illuminate\Routing\Router->dispatchToRoute(Object(Illuminate\Http\Request))
#12 C:\xampp\htdocs\fingerprint\bootstrap\compiled.php(715): Illuminate\Routing\Router->dispatch(Object(Illuminate\Http\Request))
#13 C:\xampp\htdocs\fingerprint\bootstrap\compiled.php(696): Illuminate\Foundation\Application->dispatch(Object(Illuminate\Http\Request))
#14 C:\xampp\htdocs\fingerprint\bootstrap\compiled.php(7825): Illuminate\Foundation\Application->handle(Object(Illuminate\Http\Request), 1, true)
#15 C:\xampp\htdocs\fingerprint\bootstrap\compiled.php(8432): Illuminate\Session\Middleware->handle(Object(Illuminate\Http\Request), 1, true)
#16 C:\xampp\htdocs\fingerprint\bootstrap\compiled.php(8379): Illuminate\Cookie\Queue->handle(Object(Illuminate\Http\Request), 1, true)
#17 C:\xampp\htdocs\fingerprint\bootstrap\compiled.php(11088): Illuminate\Cookie\Guard->handle(Object(Illuminate\Http\Request), 1, true)
#18 C:\xampp\htdocs\fingerprint\bootstrap\compiled.php(657): Stack\StackedHttpKernel->handle(Object(Illuminate\Http\Request))
#19 C:\xampp\htdocs\fingerprint\public\index.php(49): Illuminate\Foundation\Application->run()
#20 {main} [] []
[2016-02-02 13:08:36] production.ERROR: exception 'ErrorException' with message 'fsockopen(): unable to connect to 192.168.100.30:80 (A connection attempt failed because the connected party did not properly respond after a period of time, or established connection failed because connected host has failed to respond.
)' in C:\xampp\htdocs\fingerprint\app\controllers\FingerprintController.php:19
Stack trace:
#0 [internal function]: Illuminate\Exception\Handler->handleError(2, 'fsockopen(): un...', 'C:\\xampp\\htdocs...', 19, Array)
#1 C:\xampp\htdocs\fingerprint\app\controllers\FingerprintController.php(19): fsockopen('192.168.100.30', '80', 10060, 'A connection at...', 1)
#2 C:\xampp\htdocs\fingerprint\app\controllers\FingerprintController.php(12): FingerprintController->get_logs()
#3 [internal function]: FingerprintController->index()
#4 C:\xampp\htdocs\fingerprint\vendor\laravel\framework\src\Illuminate\Routing\Controller.php(231): call_user_func_array(Array, Array)
#5 C:\xampp\htdocs\fingerprint\bootstrap\compiled.php(5847): Illuminate\Routing\Controller->callAction('index', Array)
#6 C:\xampp\htdocs\fingerprint\bootstrap\compiled.php(5835): Illuminate\Routing\ControllerDispatcher->call(Object(FingerprintController), Object(Illuminate\Routing\Route), 'index')
#7 C:\xampp\htdocs\fingerprint\bootstrap\compiled.php(5040): Illuminate\Routing\ControllerDispatcher->dispatch(Object(Illuminate\Routing\Route), Object(Illuminate\Http\Request), 'FingerprintCont...', 'index')
#8 [internal function]: Illuminate\Routing\Router->Illuminate\Routing\{closure}()
#9 C:\xampp\htdocs\fingerprint\bootstrap\compiled.php(5398): call_user_func_array(Object(Closure), Array)
#10 C:\xampp\htdocs\fingerprint\bootstrap\compiled.php(5065): Illuminate\Routing\Route->run(Object(Illuminate\Http\Request))
#11 C:\xampp\htdocs\fingerprint\bootstrap\compiled.php(5053): Illuminate\Routing\Router->dispatchToRoute(Object(Illuminate\Http\Request))
#12 C:\xampp\htdocs\fingerprint\bootstrap\compiled.php(715): Illuminate\Routing\Router->dispatch(Object(Illuminate\Http\Request))
#13 C:\xampp\htdocs\fingerprint\bootstrap\compiled.php(696): Illuminate\Foundation\Application->dispatch(Object(Illuminate\Http\Request))
#14 C:\xampp\htdocs\fingerprint\bootstrap\compiled.php(7825): Illuminate\Foundation\Application->handle(Object(Illuminate\Http\Request), 1, true)
#15 C:\xampp\htdocs\fingerprint\bootstrap\compiled.php(8432): Illuminate\Session\Middleware->handle(Object(Illuminate\Http\Request), 1, true)
#16 C:\xampp\htdocs\fingerprint\bootstrap\compiled.php(8379): Illuminate\Cookie\Queue->handle(Object(Illuminate\Http\Request), 1, true)
#17 C:\xampp\htdocs\fingerprint\bootstrap\compiled.php(11088): Illuminate\Cookie\Guard->handle(Object(Illuminate\Http\Request), 1, true)
#18 C:\xampp\htdocs\fingerprint\bootstrap\compiled.php(657): Stack\StackedHttpKernel->handle(Object(Illuminate\Http\Request))
#19 C:\xampp\htdocs\fingerprint\public\index.php(49): Illuminate\Foundation\Application->run()
#20 {main} [] []
[2016-02-02 13:11:02] production.ERROR: exception 'ErrorException' with message 'fsockopen(): unable to connect to 192.168.100.30:80 (A connection attempt failed because the connected party did not properly respond after a period of time, or established connection failed because connected host has failed to respond.
)' in C:\xampp\htdocs\fingerprint\app\controllers\FingerprintController.php:19
Stack trace:
#0 [internal function]: Illuminate\Exception\Handler->handleError(2, 'fsockopen(): un...', 'C:\\xampp\\htdocs...', 19, Array)
#1 C:\xampp\htdocs\fingerprint\app\controllers\FingerprintController.php(19): fsockopen('192.168.100.30', '80', 10060, 'A connection at...', 1)
#2 C:\xampp\htdocs\fingerprint\app\controllers\FingerprintController.php(12): FingerprintController->get_logs()
#3 [internal function]: FingerprintController->index()
#4 C:\xampp\htdocs\fingerprint\vendor\laravel\framework\src\Illuminate\Routing\Controller.php(231): call_user_func_array(Array, Array)
#5 C:\xampp\htdocs\fingerprint\bootstrap\compiled.php(5847): Illuminate\Routing\Controller->callAction('index', Array)
#6 C:\xampp\htdocs\fingerprint\bootstrap\compiled.php(5835): Illuminate\Routing\ControllerDispatcher->call(Object(FingerprintController), Object(Illuminate\Routing\Route), 'index')
#7 C:\xampp\htdocs\fingerprint\bootstrap\compiled.php(5040): Illuminate\Routing\ControllerDispatcher->dispatch(Object(Illuminate\Routing\Route), Object(Illuminate\Http\Request), 'FingerprintCont...', 'index')
#8 [internal function]: Illuminate\Routing\Router->Illuminate\Routing\{closure}()
#9 C:\xampp\htdocs\fingerprint\bootstrap\compiled.php(5398): call_user_func_array(Object(Closure), Array)
#10 C:\xampp\htdocs\fingerprint\bootstrap\compiled.php(5065): Illuminate\Routing\Route->run(Object(Illuminate\Http\Request))
#11 C:\xampp\htdocs\fingerprint\bootstrap\compiled.php(5053): Illuminate\Routing\Router->dispatchToRoute(Object(Illuminate\Http\Request))
#12 C:\xampp\htdocs\fingerprint\bootstrap\compiled.php(715): Illuminate\Routing\Router->dispatch(Object(Illuminate\Http\Request))
#13 C:\xampp\htdocs\fingerprint\bootstrap\compiled.php(696): Illuminate\Foundation\Application->dispatch(Object(Illuminate\Http\Request))
#14 C:\xampp\htdocs\fingerprint\bootstrap\compiled.php(7825): Illuminate\Foundation\Application->handle(Object(Illuminate\Http\Request), 1, true)
#15 C:\xampp\htdocs\fingerprint\bootstrap\compiled.php(8432): Illuminate\Session\Middleware->handle(Object(Illuminate\Http\Request), 1, true)
#16 C:\xampp\htdocs\fingerprint\bootstrap\compiled.php(8379): Illuminate\Cookie\Queue->handle(Object(Illuminate\Http\Request), 1, true)
#17 C:\xampp\htdocs\fingerprint\bootstrap\compiled.php(11088): Illuminate\Cookie\Guard->handle(Object(Illuminate\Http\Request), 1, true)
#18 C:\xampp\htdocs\fingerprint\bootstrap\compiled.php(657): Stack\StackedHttpKernel->handle(Object(Illuminate\Http\Request))
#19 C:\xampp\htdocs\fingerprint\public\index.php(49): Illuminate\Foundation\Application->run()
#20 {main} [] []
[2016-02-02 13:20:06] production.ERROR: exception 'Symfony\Component\Debug\Exception\FatalErrorException' with message 'Call to undefined function redirect()' in C:\xampp\htdocs\fingerprint\app\controllers\FingerprintController.php:22
Stack trace:
#0 [internal function]: Illuminate\Exception\Handler->handleShutdown()
#1 {main} [] []
[2016-02-02 13:28:31] production.ERROR: exception 'Symfony\Component\Debug\Exception\FatalErrorException' with message 'Call to undefined function Parse_Data()' in C:\xampp\htdocs\fingerprint\app\controllers\FingerprintController.php:40
Stack trace:
#0 [internal function]: Illuminate\Exception\Handler->handleShutdown()
#1 {main} [] []
[2016-02-02 13:29:02] production.ERROR: exception 'ErrorException' with message 'Undefined variable: data' in C:\xampp\htdocs\fingerprint\app\controllers\FingerprintController.php:44
Stack trace:
#0 C:\xampp\htdocs\fingerprint\app\controllers\FingerprintController.php(44): Illuminate\Exception\Handler->handleError(8, 'Undefined varia...', 'C:\\xampp\\htdocs...', 44, Array)
#1 C:\xampp\htdocs\fingerprint\app\controllers\FingerprintController.php(12): FingerprintController->get_logs()
#2 [internal function]: FingerprintController->index()
#3 C:\xampp\htdocs\fingerprint\vendor\laravel\framework\src\Illuminate\Routing\Controller.php(231): call_user_func_array(Array, Array)
#4 C:\xampp\htdocs\fingerprint\bootstrap\compiled.php(5847): Illuminate\Routing\Controller->callAction('index', Array)
#5 C:\xampp\htdocs\fingerprint\bootstrap\compiled.php(5835): Illuminate\Routing\ControllerDispatcher->call(Object(FingerprintController), Object(Illuminate\Routing\Route), 'index')
#6 C:\xampp\htdocs\fingerprint\bootstrap\compiled.php(5040): Illuminate\Routing\ControllerDispatcher->dispatch(Object(Illuminate\Routing\Route), Object(Illuminate\Http\Request), 'FingerprintCont...', 'index')
#7 [internal function]: Illuminate\Routing\Router->Illuminate\Routing\{closure}()
#8 C:\xampp\htdocs\fingerprint\bootstrap\compiled.php(5398): call_user_func_array(Object(Closure), Array)
#9 C:\xampp\htdocs\fingerprint\bootstrap\compiled.php(5065): Illuminate\Routing\Route->run(Object(Illuminate\Http\Request))
#10 C:\xampp\htdocs\fingerprint\bootstrap\compiled.php(5053): Illuminate\Routing\Router->dispatchToRoute(Object(Illuminate\Http\Request))
#11 C:\xampp\htdocs\fingerprint\bootstrap\compiled.php(715): Illuminate\Routing\Router->dispatch(Object(Illuminate\Http\Request))
#12 C:\xampp\htdocs\fingerprint\bootstrap\compiled.php(696): Illuminate\Foundation\Application->dispatch(Object(Illuminate\Http\Request))
#13 C:\xampp\htdocs\fingerprint\bootstrap\compiled.php(7825): Illuminate\Foundation\Application->handle(Object(Illuminate\Http\Request), 1, true)
#14 C:\xampp\htdocs\fingerprint\bootstrap\compiled.php(8432): Illuminate\Session\Middleware->handle(Object(Illuminate\Http\Request), 1, true)
#15 C:\xampp\htdocs\fingerprint\bootstrap\compiled.php(8379): Illuminate\Cookie\Queue->handle(Object(Illuminate\Http\Request), 1, true)
#16 C:\xampp\htdocs\fingerprint\bootstrap\compiled.php(11088): Illuminate\Cookie\Guard->handle(Object(Illuminate\Http\Request), 1, true)
#17 C:\xampp\htdocs\fingerprint\bootstrap\compiled.php(657): Stack\StackedHttpKernel->handle(Object(Illuminate\Http\Request))
#18 C:\xampp\htdocs\fingerprint\public\index.php(49): Illuminate\Foundation\Application->run()
#19 {main} [] []
[2016-02-02 13:34:44] production.ERROR: exception 'ErrorException' with message 'Array to string conversion' in C:\xampp\htdocs\fingerprint\app\controllers\FingerprintController.php:42
Stack trace:
#0 C:\xampp\htdocs\fingerprint\app\controllers\FingerprintController.php(42): Illuminate\Exception\Handler->handleError(8, 'Array to string...', 'C:\\xampp\\htdocs...', 42, Array)
#1 C:\xampp\htdocs\fingerprint\app\controllers\FingerprintController.php(12): FingerprintController->get_logs()
#2 [internal function]: FingerprintController->index()
#3 C:\xampp\htdocs\fingerprint\vendor\laravel\framework\src\Illuminate\Routing\Controller.php(231): call_user_func_array(Array, Array)
#4 C:\xampp\htdocs\fingerprint\bootstrap\compiled.php(5847): Illuminate\Routing\Controller->callAction('index', Array)
#5 C:\xampp\htdocs\fingerprint\bootstrap\compiled.php(5835): Illuminate\Routing\ControllerDispatcher->call(Object(FingerprintController), Object(Illuminate\Routing\Route), 'index')
#6 C:\xampp\htdocs\fingerprint\bootstrap\compiled.php(5040): Illuminate\Routing\ControllerDispatcher->dispatch(Object(Illuminate\Routing\Route), Object(Illuminate\Http\Request), 'FingerprintCont...', 'index')
#7 [internal function]: Illuminate\Routing\Router->Illuminate\Routing\{closure}()
#8 C:\xampp\htdocs\fingerprint\bootstrap\compiled.php(5398): call_user_func_array(Object(Closure), Array)
#9 C:\xampp\htdocs\fingerprint\bootstrap\compiled.php(5065): Illuminate\Routing\Route->run(Object(Illuminate\Http\Request))
#10 C:\xampp\htdocs\fingerprint\bootstrap\compiled.php(5053): Illuminate\Routing\Router->dispatchToRoute(Object(Illuminate\Http\Request))
#11 C:\xampp\htdocs\fingerprint\bootstrap\compiled.php(715): Illuminate\Routing\Router->dispatch(Object(Illuminate\Http\Request))
#12 C:\xampp\htdocs\fingerprint\bootstrap\compiled.php(696): Illuminate\Foundation\Application->dispatch(Object(Illuminate\Http\Request))
#13 C:\xampp\htdocs\fingerprint\bootstrap\compiled.php(7825): Illuminate\Foundation\Application->handle(Object(Illuminate\Http\Request), 1, true)
#14 C:\xampp\htdocs\fingerprint\bootstrap\compiled.php(8432): Illuminate\Session\Middleware->handle(Object(Illuminate\Http\Request), 1, true)
#15 C:\xampp\htdocs\fingerprint\bootstrap\compiled.php(8379): Illuminate\Cookie\Queue->handle(Object(Illuminate\Http\Request), 1, true)
#16 C:\xampp\htdocs\fingerprint\bootstrap\compiled.php(11088): Illuminate\Cookie\Guard->handle(Object(Illuminate\Http\Request), 1, true)
#17 C:\xampp\htdocs\fingerprint\bootstrap\compiled.php(657): Stack\StackedHttpKernel->handle(Object(Illuminate\Http\Request))
#18 C:\xampp\htdocs\fingerprint\public\index.php(49): Illuminate\Foundation\Application->run()
#19 {main} [] []
[2016-02-02 13:39:17] production.ERROR: exception 'Symfony\Component\Debug\Exception\FatalErrorException' with message 'syntax error, unexpected '>'' in C:\xampp\htdocs\fingerprint\app\controllers\FingerprintController.php:50
Stack trace:
#0 [internal function]: Illuminate\Exception\Handler->handleShutdown()
#1 {main} [] []
[2016-02-03 14:28:11] production.ERROR: exception 'ErrorException' with message 'Undefined index: PIN' in C:\xampp\htdocs\fingerprint\app\controllers\FingerprintController.php:14
Stack trace:
#0 C:\xampp\htdocs\fingerprint\app\controllers\FingerprintController.php(14): Illuminate\Exception\Handler->handleError(8, 'Undefined index...', 'C:\\xampp\\htdocs...', 14, Array)
#1 [internal function]: FingerprintController->index()
#2 C:\xampp\htdocs\fingerprint\vendor\laravel\framework\src\Illuminate\Routing\Controller.php(231): call_user_func_array(Array, Array)
#3 C:\xampp\htdocs\fingerprint\bootstrap\compiled.php(5847): Illuminate\Routing\Controller->callAction('index', Array)
#4 C:\xampp\htdocs\fingerprint\bootstrap\compiled.php(5835): Illuminate\Routing\ControllerDispatcher->call(Object(FingerprintController), Object(Illuminate\Routing\Route), 'index')
#5 C:\xampp\htdocs\fingerprint\bootstrap\compiled.php(5040): Illuminate\Routing\ControllerDispatcher->dispatch(Object(Illuminate\Routing\Route), Object(Illuminate\Http\Request), 'FingerprintCont...', 'index')
#6 [internal function]: Illuminate\Routing\Router->Illuminate\Routing\{closure}()
#7 C:\xampp\htdocs\fingerprint\bootstrap\compiled.php(5398): call_user_func_array(Object(Closure), Array)
#8 C:\xampp\htdocs\fingerprint\bootstrap\compiled.php(5065): Illuminate\Routing\Route->run(Object(Illuminate\Http\Request))
#9 C:\xampp\htdocs\fingerprint\bootstrap\compiled.php(5053): Illuminate\Routing\Router->dispatchToRoute(Object(Illuminate\Http\Request))
#10 C:\xampp\htdocs\fingerprint\bootstrap\compiled.php(715): Illuminate\Routing\Router->dispatch(Object(Illuminate\Http\Request))
#11 C:\xampp\htdocs\fingerprint\bootstrap\compiled.php(696): Illuminate\Foundation\Application->dispatch(Object(Illuminate\Http\Request))
#12 C:\xampp\htdocs\fingerprint\bootstrap\compiled.php(7825): Illuminate\Foundation\Application->handle(Object(Illuminate\Http\Request), 1, true)
#13 C:\xampp\htdocs\fingerprint\bootstrap\compiled.php(8432): Illuminate\Session\Middleware->handle(Object(Illuminate\Http\Request), 1, true)
#14 C:\xampp\htdocs\fingerprint\bootstrap\compiled.php(8379): Illuminate\Cookie\Queue->handle(Object(Illuminate\Http\Request), 1, true)
#15 C:\xampp\htdocs\fingerprint\bootstrap\compiled.php(11088): Illuminate\Cookie\Guard->handle(Object(Illuminate\Http\Request), 1, true)
#16 C:\xampp\htdocs\fingerprint\bootstrap\compiled.php(657): Stack\StackedHttpKernel->handle(Object(Illuminate\Http\Request))
#17 C:\xampp\htdocs\fingerprint\public\index.php(49): Illuminate\Foundation\Application->run()
#18 {main} [] []
[2016-02-03 14:30:27] production.ERROR: exception 'ErrorException' with message 'Undefined variable: data' in C:\xampp\htdocs\fingerprint\app\storage\views\de23e8036156b4f9d9e3eefe522e5a69:5
Stack trace:
#0 C:\xampp\htdocs\fingerprint\app\storage\views\de23e8036156b4f9d9e3eefe522e5a69(5): Illuminate\Exception\Handler->handleError(8, 'Undefined varia...', 'C:\\xampp\\htdocs...', 5, Array)
#1 C:\xampp\htdocs\fingerprint\bootstrap\compiled.php(9923): include('C:\\xampp\\htdocs...')
#2 C:\xampp\htdocs\fingerprint\vendor\laravel\framework\src\Illuminate\View\Engines\CompilerEngine.php(56): Illuminate\View\Engines\PhpEngine->evaluatePath('C:\\xampp\\htdocs...', Array)
#3 C:\xampp\htdocs\fingerprint\bootstrap\compiled.php(9801): Illuminate\View\Engines\CompilerEngine->get('C:\\xampp\\htdocs...', Array)
#4 C:\xampp\htdocs\fingerprint\bootstrap\compiled.php(9788): Illuminate\View\View->getContents()
#5 C:\xampp\htdocs\fingerprint\bootstrap\compiled.php(9779): Illuminate\View\View->renderContents()
#6 C:\xampp\htdocs\fingerprint\bootstrap\compiled.php(10481): Illuminate\View\View->render()
#7 C:\xampp\htdocs\fingerprint\bootstrap\compiled.php(10011): Illuminate\Http\Response->setContent(Object(Illuminate\View\View))
#8 C:\xampp\htdocs\fingerprint\bootstrap\compiled.php(5258): Symfony\Component\HttpFoundation\Response->__construct(Object(Illuminate\View\View))
#9 C:\xampp\htdocs\fingerprint\bootstrap\compiled.php(5067): Illuminate\Routing\Router->prepareResponse(Object(Illuminate\Http\Request), Object(Illuminate\View\View))
#10 C:\xampp\htdocs\fingerprint\bootstrap\compiled.php(5053): Illuminate\Routing\Router->dispatchToRoute(Object(Illuminate\Http\Request))
#11 C:\xampp\htdocs\fingerprint\bootstrap\compiled.php(715): Illuminate\Routing\Router->dispatch(Object(Illuminate\Http\Request))
#12 C:\xampp\htdocs\fingerprint\bootstrap\compiled.php(696): Illuminate\Foundation\Application->dispatch(Object(Illuminate\Http\Request))
#13 C:\xampp\htdocs\fingerprint\bootstrap\compiled.php(7825): Illuminate\Foundation\Application->handle(Object(Illuminate\Http\Request), 1, true)
#14 C:\xampp\htdocs\fingerprint\bootstrap\compiled.php(8432): Illuminate\Session\Middleware->handle(Object(Illuminate\Http\Request), 1, true)
#15 C:\xampp\htdocs\fingerprint\bootstrap\compiled.php(8379): Illuminate\Cookie\Queue->handle(Object(Illuminate\Http\Request), 1, true)
#16 C:\xampp\htdocs\fingerprint\bootstrap\compiled.php(11088): Illuminate\Cookie\Guard->handle(Object(Illuminate\Http\Request), 1, true)
#17 C:\xampp\htdocs\fingerprint\bootstrap\compiled.php(657): Stack\StackedHttpKernel->handle(Object(Illuminate\Http\Request))
#18 C:\xampp\htdocs\fingerprint\public\index.php(49): Illuminate\Foundation\Application->run()
#19 {main}

Next exception 'ErrorException' with message 'Undefined variable: data (View: C:\xampp\htdocs\fingerprint\app\views\finger.blade.php)' in C:\xampp\htdocs\fingerprint\app\storage\views\de23e8036156b4f9d9e3eefe522e5a69:5
Stack trace:
#0 C:\xampp\htdocs\fingerprint\bootstrap\compiled.php(9925): Illuminate\View\Engines\CompilerEngine->handleViewException(Object(ErrorException), 1)
#1 C:\xampp\htdocs\fingerprint\vendor\laravel\framework\src\Illuminate\View\Engines\CompilerEngine.php(56): Illuminate\View\Engines\PhpEngine->evaluatePath('C:\\xampp\\htdocs...', Array)
#2 C:\xampp\htdocs\fingerprint\bootstrap\compiled.php(9801): Illuminate\View\Engines\CompilerEngine->get('C:\\xampp\\htdocs...', Array)
#3 C:\xampp\htdocs\fingerprint\bootstrap\compiled.php(9788): Illuminate\View\View->getContents()
#4 C:\xampp\htdocs\fingerprint\bootstrap\compiled.php(9779): Illuminate\View\View->renderContents()
#5 C:\xampp\htdocs\fingerprint\bootstrap\compiled.php(10481): Illuminate\View\View->render()
#6 C:\xampp\htdocs\fingerprint\bootstrap\compiled.php(10011): Illuminate\Http\Response->setContent(Object(Illuminate\View\View))
#7 C:\xampp\htdocs\fingerprint\bootstrap\compiled.php(5258): Symfony\Component\HttpFoundation\Response->__construct(Object(Illuminate\View\View))
#8 C:\xampp\htdocs\fingerprint\bootstrap\compiled.php(5067): Illuminate\Routing\Router->prepareResponse(Object(Illuminate\Http\Request), Object(Illuminate\View\View))
#9 C:\xampp\htdocs\fingerprint\bootstrap\compiled.php(5053): Illuminate\Routing\Router->dispatchToRoute(Object(Illuminate\Http\Request))
#10 C:\xampp\htdocs\fingerprint\bootstrap\compiled.php(715): Illuminate\Routing\Router->dispatch(Object(Illuminate\Http\Request))
#11 C:\xampp\htdocs\fingerprint\bootstrap\compiled.php(696): Illuminate\Foundation\Application->dispatch(Object(Illuminate\Http\Request))
#12 C:\xampp\htdocs\fingerprint\bootstrap\compiled.php(7825): Illuminate\Foundation\Application->handle(Object(Illuminate\Http\Request), 1, true)
#13 C:\xampp\htdocs\fingerprint\bootstrap\compiled.php(8432): Illuminate\Session\Middleware->handle(Object(Illuminate\Http\Request), 1, true)
#14 C:\xampp\htdocs\fingerprint\bootstrap\compiled.php(8379): Illuminate\Cookie\Queue->handle(Object(Illuminate\Http\Request), 1, true)
#15 C:\xampp\htdocs\fingerprint\bootstrap\compiled.php(11088): Illuminate\Cookie\Guard->handle(Object(Illuminate\Http\Request), 1, true)
#16 C:\xampp\htdocs\fingerprint\bootstrap\compiled.php(657): Stack\StackedHttpKernel->handle(Object(Illuminate\Http\Request))
#17 C:\xampp\htdocs\fingerprint\public\index.php(49): Illuminate\Foundation\Application->run()
#18 {main} [] []
[2016-02-03 14:31:25] production.ERROR: exception 'ErrorException' with message 'Undefined variable: data' in C:\xampp\htdocs\fingerprint\app\storage\views\de23e8036156b4f9d9e3eefe522e5a69:5
Stack trace:
#0 C:\xampp\htdocs\fingerprint\app\storage\views\de23e8036156b4f9d9e3eefe522e5a69(5): Illuminate\Exception\Handler->handleError(8, 'Undefined varia...', 'C:\\xampp\\htdocs...', 5, Array)
#1 C:\xampp\htdocs\fingerprint\bootstrap\compiled.php(9923): include('C:\\xampp\\htdocs...')
#2 C:\xampp\htdocs\fingerprint\vendor\laravel\framework\src\Illuminate\View\Engines\CompilerEngine.php(56): Illuminate\View\Engines\PhpEngine->evaluatePath('C:\\xampp\\htdocs...', Array)
#3 C:\xampp\htdocs\fingerprint\bootstrap\compiled.php(9801): Illuminate\View\Engines\CompilerEngine->get('C:\\xampp\\htdocs...', Array)
#4 C:\xampp\htdocs\fingerprint\bootstrap\compiled.php(9788): Illuminate\View\View->getContents()
#5 C:\xampp\htdocs\fingerprint\bootstrap\compiled.php(9779): Illuminate\View\View->renderContents()
#6 C:\xampp\htdocs\fingerprint\bootstrap\compiled.php(10481): Illuminate\View\View->render()
#7 C:\xampp\htdocs\fingerprint\bootstrap\compiled.php(10011): Illuminate\Http\Response->setContent(Object(Illuminate\View\View))
#8 C:\xampp\htdocs\fingerprint\bootstrap\compiled.php(5258): Symfony\Component\HttpFoundation\Response->__construct(Object(Illuminate\View\View))
#9 C:\xampp\htdocs\fingerprint\bootstrap\compiled.php(5067): Illuminate\Routing\Router->prepareResponse(Object(Illuminate\Http\Request), Object(Illuminate\View\View))
#10 C:\xampp\htdocs\fingerprint\bootstrap\compiled.php(5053): Illuminate\Routing\Router->dispatchToRoute(Object(Illuminate\Http\Request))
#11 C:\xampp\htdocs\fingerprint\bootstrap\compiled.php(715): Illuminate\Routing\Router->dispatch(Object(Illuminate\Http\Request))
#12 C:\xampp\htdocs\fingerprint\bootstrap\compiled.php(696): Illuminate\Foundation\Application->dispatch(Object(Illuminate\Http\Request))
#13 C:\xampp\htdocs\fingerprint\bootstrap\compiled.php(7825): Illuminate\Foundation\Application->handle(Object(Illuminate\Http\Request), 1, true)
#14 C:\xampp\htdocs\fingerprint\bootstrap\compiled.php(8432): Illuminate\Session\Middleware->handle(Object(Illuminate\Http\Request), 1, true)
#15 C:\xampp\htdocs\fingerprint\bootstrap\compiled.php(8379): Illuminate\Cookie\Queue->handle(Object(Illuminate\Http\Request), 1, true)
#16 C:\xampp\htdocs\fingerprint\bootstrap\compiled.php(11088): Illuminate\Cookie\Guard->handle(Object(Illuminate\Http\Request), 1, true)
#17 C:\xampp\htdocs\fingerprint\bootstrap\compiled.php(657): Stack\StackedHttpKernel->handle(Object(Illuminate\Http\Request))
#18 C:\xampp\htdocs\fingerprint\public\index.php(49): Illuminate\Foundation\Application->run()
#19 {main}

Next exception 'ErrorException' with message 'Undefined variable: data (View: C:\xampp\htdocs\fingerprint\app\views\finger.blade.php)' in C:\xampp\htdocs\fingerprint\app\storage\views\de23e8036156b4f9d9e3eefe522e5a69:5
Stack trace:
#0 C:\xampp\htdocs\fingerprint\bootstrap\compiled.php(9925): Illuminate\View\Engines\CompilerEngine->handleViewException(Object(ErrorException), 1)
#1 C:\xampp\htdocs\fingerprint\vendor\laravel\framework\src\Illuminate\View\Engines\CompilerEngine.php(56): Illuminate\View\Engines\PhpEngine->evaluatePath('C:\\xampp\\htdocs...', Array)
#2 C:\xampp\htdocs\fingerprint\bootstrap\compiled.php(9801): Illuminate\View\Engines\CompilerEngine->get('C:\\xampp\\htdocs...', Array)
#3 C:\xampp\htdocs\fingerprint\bootstrap\compiled.php(9788): Illuminate\View\View->getContents()
#4 C:\xampp\htdocs\fingerprint\bootstrap\compiled.php(9779): Illuminate\View\View->renderContents()
#5 C:\xampp\htdocs\fingerprint\bootstrap\compiled.php(10481): Illuminate\View\View->render()
#6 C:\xampp\htdocs\fingerprint\bootstrap\compiled.php(10011): Illuminate\Http\Response->setContent(Object(Illuminate\View\View))
#7 C:\xampp\htdocs\fingerprint\bootstrap\compiled.php(5258): Symfony\Component\HttpFoundation\Response->__construct(Object(Illuminate\View\View))
#8 C:\xampp\htdocs\fingerprint\bootstrap\compiled.php(5067): Illuminate\Routing\Router->prepareResponse(Object(Illuminate\Http\Request), Object(Illuminate\View\View))
#9 C:\xampp\htdocs\fingerprint\bootstrap\compiled.php(5053): Illuminate\Routing\Router->dispatchToRoute(Object(Illuminate\Http\Request))
#10 C:\xampp\htdocs\fingerprint\bootstrap\compiled.php(715): Illuminate\Routing\Router->dispatch(Object(Illuminate\Http\Request))
#11 C:\xampp\htdocs\fingerprint\bootstrap\compiled.php(696): Illuminate\Foundation\Application->dispatch(Object(Illuminate\Http\Request))
#12 C:\xampp\htdocs\fingerprint\bootstrap\compiled.php(7825): Illuminate\Foundation\Application->handle(Object(Illuminate\Http\Request), 1, true)
#13 C:\xampp\htdocs\fingerprint\bootstrap\compiled.php(8432): Illuminate\Session\Middleware->handle(Object(Illuminate\Http\Request), 1, true)
#14 C:\xampp\htdocs\fingerprint\bootstrap\compiled.php(8379): Illuminate\Cookie\Queue->handle(Object(Illuminate\Http\Request), 1, true)
#15 C:\xampp\htdocs\fingerprint\bootstrap\compiled.php(11088): Illuminate\Cookie\Guard->handle(Object(Illuminate\Http\Request), 1, true)
#16 C:\xampp\htdocs\fingerprint\bootstrap\compiled.php(657): Stack\StackedHttpKernel->handle(Object(Illuminate\Http\Request))
#17 C:\xampp\htdocs\fingerprint\public\index.php(49): Illuminate\Foundation\Application->run()
#18 {main} [] []
[2016-02-03 14:42:27] production.ERROR: exception 'ErrorException' with message 'Undefined index: PIN' in C:\xampp\htdocs\fingerprint\app\controllers\FingerprintController.php:15
Stack trace:
#0 C:\xampp\htdocs\fingerprint\app\controllers\FingerprintController.php(15): Illuminate\Exception\Handler->handleError(8, 'Undefined index...', 'C:\\xampp\\htdocs...', 15, Array)
#1 [internal function]: FingerprintController->index()
#2 C:\xampp\htdocs\fingerprint\vendor\laravel\framework\src\Illuminate\Routing\Controller.php(231): call_user_func_array(Array, Array)
#3 C:\xampp\htdocs\fingerprint\bootstrap\compiled.php(5847): Illuminate\Routing\Controller->callAction('index', Array)
#4 C:\xampp\htdocs\fingerprint\bootstrap\compiled.php(5835): Illuminate\Routing\ControllerDispatcher->call(Object(FingerprintController), Object(Illuminate\Routing\Route), 'index')
#5 C:\xampp\htdocs\fingerprint\bootstrap\compiled.php(5040): Illuminate\Routing\ControllerDispatcher->dispatch(Object(Illuminate\Routing\Route), Object(Illuminate\Http\Request), 'FingerprintCont...', 'index')
#6 [internal function]: Illuminate\Routing\Router->Illuminate\Routing\{closure}()
#7 C:\xampp\htdocs\fingerprint\bootstrap\compiled.php(5398): call_user_func_array(Object(Closure), Array)
#8 C:\xampp\htdocs\fingerprint\bootstrap\compiled.php(5065): Illuminate\Routing\Route->run(Object(Illuminate\Http\Request))
#9 C:\xampp\htdocs\fingerprint\bootstrap\compiled.php(5053): Illuminate\Routing\Router->dispatchToRoute(Object(Illuminate\Http\Request))
#10 C:\xampp\htdocs\fingerprint\bootstrap\compiled.php(715): Illuminate\Routing\Router->dispatch(Object(Illuminate\Http\Request))
#11 C:\xampp\htdocs\fingerprint\bootstrap\compiled.php(696): Illuminate\Foundation\Application->dispatch(Object(Illuminate\Http\Request))
#12 C:\xampp\htdocs\fingerprint\bootstrap\compiled.php(7825): Illuminate\Foundation\Application->handle(Object(Illuminate\Http\Request), 1, true)
#13 C:\xampp\htdocs\fingerprint\bootstrap\compiled.php(8432): Illuminate\Session\Middleware->handle(Object(Illuminate\Http\Request), 1, true)
#14 C:\xampp\htdocs\fingerprint\bootstrap\compiled.php(8379): Illuminate\Cookie\Queue->handle(Object(Illuminate\Http\Request), 1, true)
#15 C:\xampp\htdocs\fingerprint\bootstrap\compiled.php(11088): Illuminate\Cookie\Guard->handle(Object(Illuminate\Http\Request), 1, true)
#16 C:\xampp\htdocs\fingerprint\bootstrap\compiled.php(657): Stack\StackedHttpKernel->handle(Object(Illuminate\Http\Request))
#17 C:\xampp\htdocs\fingerprint\public\index.php(49): Illuminate\Foundation\Application->run()
#18 {main} [] []
[2016-02-03 14:43:59] production.ERROR: exception 'ErrorException' with message 'Undefined index: PIN' in C:\xampp\htdocs\fingerprint\app\controllers\FingerprintController.php:15
Stack trace:
#0 C:\xampp\htdocs\fingerprint\app\controllers\FingerprintController.php(15): Illuminate\Exception\Handler->handleError(8, 'Undefined index...', 'C:\\xampp\\htdocs...', 15, Array)
#1 [internal function]: FingerprintController->index()
#2 C:\xampp\htdocs\fingerprint\vendor\laravel\framework\src\Illuminate\Routing\Controller.php(231): call_user_func_array(Array, Array)
#3 C:\xampp\htdocs\fingerprint\bootstrap\compiled.php(5847): Illuminate\Routing\Controller->callAction('index', Array)
#4 C:\xampp\htdocs\fingerprint\bootstrap\compiled.php(5835): Illuminate\Routing\ControllerDispatcher->call(Object(FingerprintController), Object(Illuminate\Routing\Route), 'index')
#5 C:\xampp\htdocs\fingerprint\bootstrap\compiled.php(5040): Illuminate\Routing\ControllerDispatcher->dispatch(Object(Illuminate\Routing\Route), Object(Illuminate\Http\Request), 'FingerprintCont...', 'index')
#6 [internal function]: Illuminate\Routing\Router->Illuminate\Routing\{closure}()
#7 C:\xampp\htdocs\fingerprint\bootstrap\compiled.php(5398): call_user_func_array(Object(Closure), Array)
#8 C:\xampp\htdocs\fingerprint\bootstrap\compiled.php(5065): Illuminate\Routing\Route->run(Object(Illuminate\Http\Request))
#9 C:\xampp\htdocs\fingerprint\bootstrap\compiled.php(5053): Illuminate\Routing\Router->dispatchToRoute(Object(Illuminate\Http\Request))
#10 C:\xampp\htdocs\fingerprint\bootstrap\compiled.php(715): Illuminate\Routing\Router->dispatch(Object(Illuminate\Http\Request))
#11 C:\xampp\htdocs\fingerprint\bootstrap\compiled.php(696): Illuminate\Foundation\Application->dispatch(Object(Illuminate\Http\Request))
#12 C:\xampp\htdocs\fingerprint\bootstrap\compiled.php(7825): Illuminate\Foundation\Application->handle(Object(Illuminate\Http\Request), 1, true)
#13 C:\xampp\htdocs\fingerprint\bootstrap\compiled.php(8432): Illuminate\Session\Middleware->handle(Object(Illuminate\Http\Request), 1, true)
#14 C:\xampp\htdocs\fingerprint\bootstrap\compiled.php(8379): Illuminate\Cookie\Queue->handle(Object(Illuminate\Http\Request), 1, true)
#15 C:\xampp\htdocs\fingerprint\bootstrap\compiled.php(11088): Illuminate\Cookie\Guard->handle(Object(Illuminate\Http\Request), 1, true)
#16 C:\xampp\htdocs\fingerprint\bootstrap\compiled.php(657): Stack\StackedHttpKernel->handle(Object(Illuminate\Http\Request))
#17 C:\xampp\htdocs\fingerprint\public\index.php(49): Illuminate\Foundation\Application->run()
#18 {main} [] []
[2016-02-03 14:45:26] production.ERROR: exception 'ErrorException' with message 'Undefined offset: 0' in C:\xampp\htdocs\fingerprint\app\controllers\FingerprintController.php:63
Stack trace:
#0 C:\xampp\htdocs\fingerprint\app\controllers\FingerprintController.php(63): Illuminate\Exception\Handler->handleError(8, 'Undefined offse...', 'C:\\xampp\\htdocs...', 63, Array)
#1 C:\xampp\htdocs\fingerprint\app\controllers\FingerprintController.php(12): FingerprintController->get_logs('192.168.100.30')
#2 [internal function]: FingerprintController->index()
#3 C:\xampp\htdocs\fingerprint\vendor\laravel\framework\src\Illuminate\Routing\Controller.php(231): call_user_func_array(Array, Array)
#4 C:\xampp\htdocs\fingerprint\bootstrap\compiled.php(5847): Illuminate\Routing\Controller->callAction('index', Array)
#5 C:\xampp\htdocs\fingerprint\bootstrap\compiled.php(5835): Illuminate\Routing\ControllerDispatcher->call(Object(FingerprintController), Object(Illuminate\Routing\Route), 'index')
#6 C:\xampp\htdocs\fingerprint\bootstrap\compiled.php(5040): Illuminate\Routing\ControllerDispatcher->dispatch(Object(Illuminate\Routing\Route), Object(Illuminate\Http\Request), 'FingerprintCont...', 'index')
#7 [internal function]: Illuminate\Routing\Router->Illuminate\Routing\{closure}()
#8 C:\xampp\htdocs\fingerprint\bootstrap\compiled.php(5398): call_user_func_array(Object(Closure), Array)
#9 C:\xampp\htdocs\fingerprint\bootstrap\compiled.php(5065): Illuminate\Routing\Route->run(Object(Illuminate\Http\Request))
#10 C:\xampp\htdocs\fingerprint\bootstrap\compiled.php(5053): Illuminate\Routing\Router->dispatchToRoute(Object(Illuminate\Http\Request))
#11 C:\xampp\htdocs\fingerprint\bootstrap\compiled.php(715): Illuminate\Routing\Router->dispatch(Object(Illuminate\Http\Request))
#12 C:\xampp\htdocs\fingerprint\bootstrap\compiled.php(696): Illuminate\Foundation\Application->dispatch(Object(Illuminate\Http\Request))
#13 C:\xampp\htdocs\fingerprint\bootstrap\compiled.php(7825): Illuminate\Foundation\Application->handle(Object(Illuminate\Http\Request), 1, true)
#14 C:\xampp\htdocs\fingerprint\bootstrap\compiled.php(8432): Illuminate\Session\Middleware->handle(Object(Illuminate\Http\Request), 1, true)
#15 C:\xampp\htdocs\fingerprint\bootstrap\compiled.php(8379): Illuminate\Cookie\Queue->handle(Object(Illuminate\Http\Request), 1, true)
#16 C:\xampp\htdocs\fingerprint\bootstrap\compiled.php(11088): Illuminate\Cookie\Guard->handle(Object(Illuminate\Http\Request), 1, true)
#17 C:\xampp\htdocs\fingerprint\bootstrap\compiled.php(657): Stack\StackedHttpKernel->handle(Object(Illuminate\Http\Request))
#18 C:\xampp\htdocs\fingerprint\public\index.php(49): Illuminate\Foundation\Application->run()
#19 {main} [] []
[2016-02-04 01:07:19] production.ERROR: exception 'Symfony\Component\Debug\Exception\FatalErrorException' with message 'Maximum execution time of 30 seconds exceeded' in C:\xampp\htdocs\fingerprint\app\controllers\FingerprintController.php:43
Stack trace:
#0 [internal function]: Illuminate\Exception\Handler->handleShutdown()
#1 {main} [] []
[2016-02-14 14:17:15] production.ERROR: exception 'ErrorException' with message 'Undefined index: PIN' in C:\xampp\htdocs\fingerprint\app\controllers\FingerprintController.php:19
Stack trace:
#0 C:\xampp\htdocs\fingerprint\app\controllers\FingerprintController.php(19): Illuminate\Exception\Handler->handleError(8, 'Undefined index...', 'C:\\xampp\\htdocs...', 19, Array)
#1 [internal function]: FingerprintController->index()
#2 C:\xampp\htdocs\fingerprint\vendor\laravel\framework\src\Illuminate\Routing\Controller.php(231): call_user_func_array(Array, Array)
#3 C:\xampp\htdocs\fingerprint\bootstrap\compiled.php(5847): Illuminate\Routing\Controller->callAction('index', Array)
#4 C:\xampp\htdocs\fingerprint\bootstrap\compiled.php(5835): Illuminate\Routing\ControllerDispatcher->call(Object(FingerprintController), Object(Illuminate\Routing\Route), 'index')
#5 C:\xampp\htdocs\fingerprint\bootstrap\compiled.php(5040): Illuminate\Routing\ControllerDispatcher->dispatch(Object(Illuminate\Routing\Route), Object(Illuminate\Http\Request), 'FingerprintCont...', 'index')
#6 [internal function]: Illuminate\Routing\Router->Illuminate\Routing\{closure}()
#7 C:\xampp\htdocs\fingerprint\bootstrap\compiled.php(5398): call_user_func_array(Object(Closure), Array)
#8 C:\xampp\htdocs\fingerprint\bootstrap\compiled.php(5065): Illuminate\Routing\Route->run(Object(Illuminate\Http\Request))
#9 C:\xampp\htdocs\fingerprint\bootstrap\compiled.php(5053): Illuminate\Routing\Router->dispatchToRoute(Object(Illuminate\Http\Request))
#10 C:\xampp\htdocs\fingerprint\bootstrap\compiled.php(715): Illuminate\Routing\Router->dispatch(Object(Illuminate\Http\Request))
#11 C:\xampp\htdocs\fingerprint\bootstrap\compiled.php(696): Illuminate\Foundation\Application->dispatch(Object(Illuminate\Http\Request))
#12 C:\xampp\htdocs\fingerprint\bootstrap\compiled.php(7825): Illuminate\Foundation\Application->handle(Object(Illuminate\Http\Request), 1, true)
#13 C:\xampp\htdocs\fingerprint\bootstrap\compiled.php(8432): Illuminate\Session\Middleware->handle(Object(Illuminate\Http\Request), 1, true)
#14 C:\xampp\htdocs\fingerprint\bootstrap\compiled.php(8379): Illuminate\Cookie\Queue->handle(Object(Illuminate\Http\Request), 1, true)
#15 C:\xampp\htdocs\fingerprint\bootstrap\compiled.php(11088): Illuminate\Cookie\Guard->handle(Object(Illuminate\Http\Request), 1, true)
#16 C:\xampp\htdocs\fingerprint\bootstrap\compiled.php(657): Stack\StackedHttpKernel->handle(Object(Illuminate\Http\Request))
#17 C:\xampp\htdocs\fingerprint\public\index.php(49): Illuminate\Foundation\Application->run()
#18 {main} [] []
[2016-02-14 14:40:46] production.ERROR: exception 'PDOException' with message 'SQLSTATE[42S22]: Column not found: 1054 Unknown column 'tglmsk' in 'field list'' in C:\xampp\htdocs\fingerprint\vendor\laravel\framework\src\Illuminate\Database\Connection.php:369
Stack trace:
#0 C:\xampp\htdocs\fingerprint\vendor\laravel\framework\src\Illuminate\Database\Connection.php(369): PDO->prepare('insert into `ta...')
#1 C:\xampp\htdocs\fingerprint\vendor\laravel\framework\src\Illuminate\Database\Connection.php(617): Illuminate\Database\Connection->Illuminate\Database\{closure}(Object(Illuminate\Database\MySqlConnection), 'insert into `ta...', Array)
#2 C:\xampp\htdocs\fingerprint\vendor\laravel\framework\src\Illuminate\Database\Connection.php(581): Illuminate\Database\Connection->runQueryCallback('insert into `ta...', Array, Object(Closure))
#3 C:\xampp\htdocs\fingerprint\vendor\laravel\framework\src\Illuminate\Database\Connection.php(370): Illuminate\Database\Connection->run('insert into `ta...', Array, Object(Closure))
#4 C:\xampp\htdocs\fingerprint\vendor\laravel\framework\src\Illuminate\Database\Connection.php(327): Illuminate\Database\Connection->statement('insert into `ta...', Array)
#5 C:\xampp\htdocs\fingerprint\vendor\laravel\framework\src\Illuminate\Database\Query\Builder.php(1894): Illuminate\Database\Connection->insert('insert into `ta...', Array)
#6 C:\xampp\htdocs\fingerprint\app\controllers\FingerprintController.php(42): Illuminate\Database\Query\Builder->insert(Array)
#7 [internal function]: FingerprintController->index()
#8 C:\xampp\htdocs\fingerprint\vendor\laravel\framework\src\Illuminate\Routing\Controller.php(231): call_user_func_array(Array, Array)
#9 C:\xampp\htdocs\fingerprint\bootstrap\compiled.php(5847): Illuminate\Routing\Controller->callAction('index', Array)
#10 C:\xampp\htdocs\fingerprint\bootstrap\compiled.php(5835): Illuminate\Routing\ControllerDispatcher->call(Object(FingerprintController), Object(Illuminate\Routing\Route), 'index')
#11 C:\xampp\htdocs\fingerprint\bootstrap\compiled.php(5040): Illuminate\Routing\ControllerDispatcher->dispatch(Object(Illuminate\Routing\Route), Object(Illuminate\Http\Request), 'FingerprintCont...', 'index')
#12 [internal function]: Illuminate\Routing\Router->Illuminate\Routing\{closure}()
#13 C:\xampp\htdocs\fingerprint\bootstrap\compiled.php(5398): call_user_func_array(Object(Closure), Array)
#14 C:\xampp\htdocs\fingerprint\bootstrap\compiled.php(5065): Illuminate\Routing\Route->run(Object(Illuminate\Http\Request))
#15 C:\xampp\htdocs\fingerprint\bootstrap\compiled.php(5053): Illuminate\Routing\Router->dispatchToRoute(Object(Illuminate\Http\Request))
#16 C:\xampp\htdocs\fingerprint\bootstrap\compiled.php(715): Illuminate\Routing\Router->dispatch(Object(Illuminate\Http\Request))
#17 C:\xampp\htdocs\fingerprint\bootstrap\compiled.php(696): Illuminate\Foundation\Application->dispatch(Object(Illuminate\Http\Request))
#18 C:\xampp\htdocs\fingerprint\bootstrap\compiled.php(7825): Illuminate\Foundation\Application->handle(Object(Illuminate\Http\Request), 1, true)
#19 C:\xampp\htdocs\fingerprint\bootstrap\compiled.php(8432): Illuminate\Session\Middleware->handle(Object(Illuminate\Http\Request), 1, true)
#20 C:\xampp\htdocs\fingerprint\bootstrap\compiled.php(8379): Illuminate\Cookie\Queue->handle(Object(Illuminate\Http\Request), 1, true)
#21 C:\xampp\htdocs\fingerprint\bootstrap\compiled.php(11088): Illuminate\Cookie\Guard->handle(Object(Illuminate\Http\Request), 1, true)
#22 C:\xampp\htdocs\fingerprint\bootstrap\compiled.php(657): Stack\StackedHttpKernel->handle(Object(Illuminate\Http\Request))
#23 C:\xampp\htdocs\fingerprint\public\index.php(49): Illuminate\Foundation\Application->run()
#24 {main}

Next exception 'Illuminate\Database\QueryException' with message 'SQLSTATE[42S22]: Column not found: 1054 Unknown column 'tglmsk' in 'field list' (SQL: insert into `ta02` (`idabs`, `idkar`, `tglmsk`, `abscd`) values (1, 8889, 2016-02-14 21:40:37, 0))' in C:\xampp\htdocs\fingerprint\vendor\laravel\framework\src\Illuminate\Database\Connection.php:625
Stack trace:
#0 C:\xampp\htdocs\fingerprint\vendor\laravel\framework\src\Illuminate\Database\Connection.php(581): Illuminate\Database\Connection->runQueryCallback('insert into `ta...', Array, Object(Closure))
#1 C:\xampp\htdocs\fingerprint\vendor\laravel\framework\src\Illuminate\Database\Connection.php(370): Illuminate\Database\Connection->run('insert into `ta...', Array, Object(Closure))
#2 C:\xampp\htdocs\fingerprint\vendor\laravel\framework\src\Illuminate\Database\Connection.php(327): Illuminate\Database\Connection->statement('insert into `ta...', Array)
#3 C:\xampp\htdocs\fingerprint\vendor\laravel\framework\src\Illuminate\Database\Query\Builder.php(1894): Illuminate\Database\Connection->insert('insert into `ta...', Array)
#4 C:\xampp\htdocs\fingerprint\app\controllers\FingerprintController.php(42): Illuminate\Database\Query\Builder->insert(Array)
#5 [internal function]: FingerprintController->index()
#6 C:\xampp\htdocs\fingerprint\vendor\laravel\framework\src\Illuminate\Routing\Controller.php(231): call_user_func_array(Array, Array)
#7 C:\xampp\htdocs\fingerprint\bootstrap\compiled.php(5847): Illuminate\Routing\Controller->callAction('index', Array)
#8 C:\xampp\htdocs\fingerprint\bootstrap\compiled.php(5835): Illuminate\Routing\ControllerDispatcher->call(Object(FingerprintController), Object(Illuminate\Routing\Route), 'index')
#9 C:\xampp\htdocs\fingerprint\bootstrap\compiled.php(5040): Illuminate\Routing\ControllerDispatcher->dispatch(Object(Illuminate\Routing\Route), Object(Illuminate\Http\Request), 'FingerprintCont...', 'index')
#10 [internal function]: Illuminate\Routing\Router->Illuminate\Routing\{closure}()
#11 C:\xampp\htdocs\fingerprint\bootstrap\compiled.php(5398): call_user_func_array(Object(Closure), Array)
#12 C:\xampp\htdocs\fingerprint\bootstrap\compiled.php(5065): Illuminate\Routing\Route->run(Object(Illuminate\Http\Request))
#13 C:\xampp\htdocs\fingerprint\bootstrap\compiled.php(5053): Illuminate\Routing\Router->dispatchToRoute(Object(Illuminate\Http\Request))
#14 C:\xampp\htdocs\fingerprint\bootstrap\compiled.php(715): Illuminate\Routing\Router->dispatch(Object(Illuminate\Http\Request))
#15 C:\xampp\htdocs\fingerprint\bootstrap\compiled.php(696): Illuminate\Foundation\Application->dispatch(Object(Illuminate\Http\Request))
#16 C:\xampp\htdocs\fingerprint\bootstrap\compiled.php(7825): Illuminate\Foundation\Application->handle(Object(Illuminate\Http\Request), 1, true)
#17 C:\xampp\htdocs\fingerprint\bootstrap\compiled.php(8432): Illuminate\Session\Middleware->handle(Object(Illuminate\Http\Request), 1, true)
#18 C:\xampp\htdocs\fingerprint\bootstrap\compiled.php(8379): Illuminate\Cookie\Queue->handle(Object(Illuminate\Http\Request), 1, true)
#19 C:\xampp\htdocs\fingerprint\bootstrap\compiled.php(11088): Illuminate\Cookie\Guard->handle(Object(Illuminate\Http\Request), 1, true)
#20 C:\xampp\htdocs\fingerprint\bootstrap\compiled.php(657): Stack\StackedHttpKernel->handle(Object(Illuminate\Http\Request))
#21 C:\xampp\htdocs\fingerprint\public\index.php(49): Illuminate\Foundation\Application->run()
#22 {main} [] []
[2016-02-14 14:50:00] production.ERROR: exception 'ErrorException' with message 'Trying to get property of non-object' in C:\xampp\htdocs\fingerprint\app\controllers\FingerprintController.php:21
Stack trace:
#0 C:\xampp\htdocs\fingerprint\app\controllers\FingerprintController.php(21): Illuminate\Exception\Handler->handleError(8, 'Trying to get p...', 'C:\\xampp\\htdocs...', 21, Array)
#1 [internal function]: FingerprintController->index()
#2 C:\xampp\htdocs\fingerprint\vendor\laravel\framework\src\Illuminate\Routing\Controller.php(231): call_user_func_array(Array, Array)
#3 C:\xampp\htdocs\fingerprint\bootstrap\compiled.php(5847): Illuminate\Routing\Controller->callAction('index', Array)
#4 C:\xampp\htdocs\fingerprint\bootstrap\compiled.php(5835): Illuminate\Routing\ControllerDispatcher->call(Object(FingerprintController), Object(Illuminate\Routing\Route), 'index')
#5 C:\xampp\htdocs\fingerprint\bootstrap\compiled.php(5040): Illuminate\Routing\ControllerDispatcher->dispatch(Object(Illuminate\Routing\Route), Object(Illuminate\Http\Request), 'FingerprintCont...', 'index')
#6 [internal function]: Illuminate\Routing\Router->Illuminate\Routing\{closure}()
#7 C:\xampp\htdocs\fingerprint\bootstrap\compiled.php(5398): call_user_func_array(Object(Closure), Array)
#8 C:\xampp\htdocs\fingerprint\bootstrap\compiled.php(5065): Illuminate\Routing\Route->run(Object(Illuminate\Http\Request))
#9 C:\xampp\htdocs\fingerprint\bootstrap\compiled.php(5053): Illuminate\Routing\Router->dispatchToRoute(Object(Illuminate\Http\Request))
#10 C:\xampp\htdocs\fingerprint\bootstrap\compiled.php(715): Illuminate\Routing\Router->dispatch(Object(Illuminate\Http\Request))
#11 C:\xampp\htdocs\fingerprint\bootstrap\compiled.php(696): Illuminate\Foundation\Application->dispatch(Object(Illuminate\Http\Request))
#12 C:\xampp\htdocs\fingerprint\bootstrap\compiled.php(7825): Illuminate\Foundation\Application->handle(Object(Illuminate\Http\Request), 1, true)
#13 C:\xampp\htdocs\fingerprint\bootstrap\compiled.php(8432): Illuminate\Session\Middleware->handle(Object(Illuminate\Http\Request), 1, true)
#14 C:\xampp\htdocs\fingerprint\bootstrap\compiled.php(8379): Illuminate\Cookie\Queue->handle(Object(Illuminate\Http\Request), 1, true)
#15 C:\xampp\htdocs\fingerprint\bootstrap\compiled.php(11088): Illuminate\Cookie\Guard->handle(Object(Illuminate\Http\Request), 1, true)
#16 C:\xampp\htdocs\fingerprint\bootstrap\compiled.php(657): Stack\StackedHttpKernel->handle(Object(Illuminate\Http\Request))
#17 C:\xampp\htdocs\fingerprint\public\index.php(49): Illuminate\Foundation\Application->run()
#18 {main} [] []
[2016-02-14 15:06:59] production.ERROR: exception 'ErrorException' with message 'Trying to get property of non-object' in C:\xampp\htdocs\fingerprint\app\controllers\FingerprintController.php:36
Stack trace:
#0 C:\xampp\htdocs\fingerprint\app\controllers\FingerprintController.php(36): Illuminate\Exception\Handler->handleError(8, 'Trying to get p...', 'C:\\xampp\\htdocs...', 36, Array)
#1 [internal function]: FingerprintController->index()
#2 C:\xampp\htdocs\fingerprint\vendor\laravel\framework\src\Illuminate\Routing\Controller.php(231): call_user_func_array(Array, Array)
#3 C:\xampp\htdocs\fingerprint\bootstrap\compiled.php(5847): Illuminate\Routing\Controller->callAction('index', Array)
#4 C:\xampp\htdocs\fingerprint\bootstrap\compiled.php(5835): Illuminate\Routing\ControllerDispatcher->call(Object(FingerprintController), Object(Illuminate\Routing\Route), 'index')
#5 C:\xampp\htdocs\fingerprint\bootstrap\compiled.php(5040): Illuminate\Routing\ControllerDispatcher->dispatch(Object(Illuminate\Routing\Route), Object(Illuminate\Http\Request), 'FingerprintCont...', 'index')
#6 [internal function]: Illuminate\Routing\Router->Illuminate\Routing\{closure}()
#7 C:\xampp\htdocs\fingerprint\bootstrap\compiled.php(5398): call_user_func_array(Object(Closure), Array)
#8 C:\xampp\htdocs\fingerprint\bootstrap\compiled.php(5065): Illuminate\Routing\Route->run(Object(Illuminate\Http\Request))
#9 C:\xampp\htdocs\fingerprint\bootstrap\compiled.php(5053): Illuminate\Routing\Router->dispatchToRoute(Object(Illuminate\Http\Request))
#10 C:\xampp\htdocs\fingerprint\bootstrap\compiled.php(715): Illuminate\Routing\Router->dispatch(Object(Illuminate\Http\Request))
#11 C:\xampp\htdocs\fingerprint\bootstrap\compiled.php(696): Illuminate\Foundation\Application->dispatch(Object(Illuminate\Http\Request))
#12 C:\xampp\htdocs\fingerprint\bootstrap\compiled.php(7825): Illuminate\Foundation\Application->handle(Object(Illuminate\Http\Request), 1, true)
#13 C:\xampp\htdocs\fingerprint\bootstrap\compiled.php(8432): Illuminate\Session\Middleware->handle(Object(Illuminate\Http\Request), 1, true)
#14 C:\xampp\htdocs\fingerprint\bootstrap\compiled.php(8379): Illuminate\Cookie\Queue->handle(Object(Illuminate\Http\Request), 1, true)
#15 C:\xampp\htdocs\fingerprint\bootstrap\compiled.php(11088): Illuminate\Cookie\Guard->handle(Object(Illuminate\Http\Request), 1, true)
#16 C:\xampp\htdocs\fingerprint\bootstrap\compiled.php(657): Stack\StackedHttpKernel->handle(Object(Illuminate\Http\Request))
#17 C:\xampp\htdocs\fingerprint\public\index.php(49): Illuminate\Foundation\Application->run()
#18 {main} [] []
[2016-02-14 15:13:12] production.ERROR: exception 'PDOException' with message 'SQLSTATE[23000]: Integrity constraint violation: 1452 Cannot add or update a child row: a foreign key constraint fails (`absensi`.`ta02`, CONSTRAINT `ta02_idabs_foreign` FOREIGN KEY (`idabs`) REFERENCES `ta01` (`idabs`))' in C:\xampp\htdocs\fingerprint\vendor\laravel\framework\src\Illuminate\Database\Connection.php:369
Stack trace:
#0 C:\xampp\htdocs\fingerprint\vendor\laravel\framework\src\Illuminate\Database\Connection.php(369): PDOStatement->execute(Array)
#1 C:\xampp\htdocs\fingerprint\vendor\laravel\framework\src\Illuminate\Database\Connection.php(617): Illuminate\Database\Connection->Illuminate\Database\{closure}(Object(Illuminate\Database\MySqlConnection), 'insert into `ta...', Array)
#2 C:\xampp\htdocs\fingerprint\vendor\laravel\framework\src\Illuminate\Database\Connection.php(581): Illuminate\Database\Connection->runQueryCallback('insert into `ta...', Array, Object(Closure))
#3 C:\xampp\htdocs\fingerprint\vendor\laravel\framework\src\Illuminate\Database\Connection.php(370): Illuminate\Database\Connection->run('insert into `ta...', Array, Object(Closure))
#4 C:\xampp\htdocs\fingerprint\vendor\laravel\framework\src\Illuminate\Database\Connection.php(327): Illuminate\Database\Connection->statement('insert into `ta...', Array)
#5 C:\xampp\htdocs\fingerprint\vendor\laravel\framework\src\Illuminate\Database\Query\Builder.php(1894): Illuminate\Database\Connection->insert('insert into `ta...', Array)
#6 C:\xampp\htdocs\fingerprint\app\controllers\FingerprintController.php(41): Illuminate\Database\Query\Builder->insert(Array)
#7 [internal function]: FingerprintController->index()
#8 C:\xampp\htdocs\fingerprint\vendor\laravel\framework\src\Illuminate\Routing\Controller.php(231): call_user_func_array(Array, Array)
#9 C:\xampp\htdocs\fingerprint\bootstrap\compiled.php(5847): Illuminate\Routing\Controller->callAction('index', Array)
#10 C:\xampp\htdocs\fingerprint\bootstrap\compiled.php(5835): Illuminate\Routing\ControllerDispatcher->call(Object(FingerprintController), Object(Illuminate\Routing\Route), 'index')
#11 C:\xampp\htdocs\fingerprint\bootstrap\compiled.php(5040): Illuminate\Routing\ControllerDispatcher->dispatch(Object(Illuminate\Routing\Route), Object(Illuminate\Http\Request), 'FingerprintCont...', 'index')
#12 [internal function]: Illuminate\Routing\Router->Illuminate\Routing\{closure}()
#13 C:\xampp\htdocs\fingerprint\bootstrap\compiled.php(5398): call_user_func_array(Object(Closure), Array)
#14 C:\xampp\htdocs\fingerprint\bootstrap\compiled.php(5065): Illuminate\Routing\Route->run(Object(Illuminate\Http\Request))
#15 C:\xampp\htdocs\fingerprint\bootstrap\compiled.php(5053): Illuminate\Routing\Router->dispatchToRoute(Object(Illuminate\Http\Request))
#16 C:\xampp\htdocs\fingerprint\bootstrap\compiled.php(715): Illuminate\Routing\Router->dispatch(Object(Illuminate\Http\Request))
#17 C:\xampp\htdocs\fingerprint\bootstrap\compiled.php(696): Illuminate\Foundation\Application->dispatch(Object(Illuminate\Http\Request))
#18 C:\xampp\htdocs\fingerprint\bootstrap\compiled.php(7825): Illuminate\Foundation\Application->handle(Object(Illuminate\Http\Request), 1, true)
#19 C:\xampp\htdocs\fingerprint\bootstrap\compiled.php(8432): Illuminate\Session\Middleware->handle(Object(Illuminate\Http\Request), 1, true)
#20 C:\xampp\htdocs\fingerprint\bootstrap\compiled.php(8379): Illuminate\Cookie\Queue->handle(Object(Illuminate\Http\Request), 1, true)
#21 C:\xampp\htdocs\fingerprint\bootstrap\compiled.php(11088): Illuminate\Cookie\Guard->handle(Object(Illuminate\Http\Request), 1, true)
#22 C:\xampp\htdocs\fingerprint\bootstrap\compiled.php(657): Stack\StackedHttpKernel->handle(Object(Illuminate\Http\Request))
#23 C:\xampp\htdocs\fingerprint\public\index.php(49): Illuminate\Foundation\Application->run()
#24 {main}

Next exception 'Illuminate\Database\QueryException' with message 'SQLSTATE[23000]: Integrity constraint violation: 1452 Cannot add or update a child row: a foreign key constraint fails (`absensi`.`ta02`, CONSTRAINT `ta02_idabs_foreign` FOREIGN KEY (`idabs`) REFERENCES `ta01` (`idabs`)) (SQL: insert into `ta02` (`idabs`, `idkar`, `tglmsk`, `abscd`) values (4, 2, 2016-02-14 22:12:19, 1))' in C:\xampp\htdocs\fingerprint\vendor\laravel\framework\src\Illuminate\Database\Connection.php:625
Stack trace:
#0 C:\xampp\htdocs\fingerprint\vendor\laravel\framework\src\Illuminate\Database\Connection.php(581): Illuminate\Database\Connection->runQueryCallback('insert into `ta...', Array, Object(Closure))
#1 C:\xampp\htdocs\fingerprint\vendor\laravel\framework\src\Illuminate\Database\Connection.php(370): Illuminate\Database\Connection->run('insert into `ta...', Array, Object(Closure))
#2 C:\xampp\htdocs\fingerprint\vendor\laravel\framework\src\Illuminate\Database\Connection.php(327): Illuminate\Database\Connection->statement('insert into `ta...', Array)
#3 C:\xampp\htdocs\fingerprint\vendor\laravel\framework\src\Illuminate\Database\Query\Builder.php(1894): Illuminate\Database\Connection->insert('insert into `ta...', Array)
#4 C:\xampp\htdocs\fingerprint\app\controllers\FingerprintController.php(41): Illuminate\Database\Query\Builder->insert(Array)
#5 [internal function]: FingerprintController->index()
#6 C:\xampp\htdocs\fingerprint\vendor\laravel\framework\src\Illuminate\Routing\Controller.php(231): call_user_func_array(Array, Array)
#7 C:\xampp\htdocs\fingerprint\bootstrap\compiled.php(5847): Illuminate\Routing\Controller->callAction('index', Array)
#8 C:\xampp\htdocs\fingerprint\bootstrap\compiled.php(5835): Illuminate\Routing\ControllerDispatcher->call(Object(FingerprintController), Object(Illuminate\Routing\Route), 'index')
#9 C:\xampp\htdocs\fingerprint\bootstrap\compiled.php(5040): Illuminate\Routing\ControllerDispatcher->dispatch(Object(Illuminate\Routing\Route), Object(Illuminate\Http\Request), 'FingerprintCont...', 'index')
#10 [internal function]: Illuminate\Routing\Router->Illuminate\Routing\{closure}()
#11 C:\xampp\htdocs\fingerprint\bootstrap\compiled.php(5398): call_user_func_array(Object(Closure), Array)
#12 C:\xampp\htdocs\fingerprint\bootstrap\compiled.php(5065): Illuminate\Routing\Route->run(Object(Illuminate\Http\Request))
#13 C:\xampp\htdocs\fingerprint\bootstrap\compiled.php(5053): Illuminate\Routing\Router->dispatchToRoute(Object(Illuminate\Http\Request))
#14 C:\xampp\htdocs\fingerprint\bootstrap\compiled.php(715): Illuminate\Routing\Router->dispatch(Object(Illuminate\Http\Request))
#15 C:\xampp\htdocs\fingerprint\bootstrap\compiled.php(696): Illuminate\Foundation\Application->dispatch(Object(Illuminate\Http\Request))
#16 C:\xampp\htdocs\fingerprint\bootstrap\compiled.php(7825): Illuminate\Foundation\Application->handle(Object(Illuminate\Http\Request), 1, true)
#17 C:\xampp\htdocs\fingerprint\bootstrap\compiled.php(8432): Illuminate\Session\Middleware->handle(Object(Illuminate\Http\Request), 1, true)
#18 C:\xampp\htdocs\fingerprint\bootstrap\compiled.php(8379): Illuminate\Cookie\Queue->handle(Object(Illuminate\Http\Request), 1, true)
#19 C:\xampp\htdocs\fingerprint\bootstrap\compiled.php(11088): Illuminate\Cookie\Guard->handle(Object(Illuminate\Http\Request), 1, true)
#20 C:\xampp\htdocs\fingerprint\bootstrap\compiled.php(657): Stack\StackedHttpKernel->handle(Object(Illuminate\Http\Request))
#21 C:\xampp\htdocs\fingerprint\public\index.php(49): Illuminate\Foundation\Application->run()
#22 {main} [] []
[2016-02-14 15:13:31] production.ERROR: exception 'ErrorException' with message 'Trying to get property of non-object' in C:\xampp\htdocs\fingerprint\app\controllers\FingerprintController.php:21
Stack trace:
#0 C:\xampp\htdocs\fingerprint\app\controllers\FingerprintController.php(21): Illuminate\Exception\Handler->handleError(8, 'Trying to get p...', 'C:\\xampp\\htdocs...', 21, Array)
#1 [internal function]: FingerprintController->index()
#2 C:\xampp\htdocs\fingerprint\vendor\laravel\framework\src\Illuminate\Routing\Controller.php(231): call_user_func_array(Array, Array)
#3 C:\xampp\htdocs\fingerprint\bootstrap\compiled.php(5847): Illuminate\Routing\Controller->callAction('index', Array)
#4 C:\xampp\htdocs\fingerprint\bootstrap\compiled.php(5835): Illuminate\Routing\ControllerDispatcher->call(Object(FingerprintController), Object(Illuminate\Routing\Route), 'index')
#5 C:\xampp\htdocs\fingerprint\bootstrap\compiled.php(5040): Illuminate\Routing\ControllerDispatcher->dispatch(Object(Illuminate\Routing\Route), Object(Illuminate\Http\Request), 'FingerprintCont...', 'index')
#6 [internal function]: Illuminate\Routing\Router->Illuminate\Routing\{closure}()
#7 C:\xampp\htdocs\fingerprint\bootstrap\compiled.php(5398): call_user_func_array(Object(Closure), Array)
#8 C:\xampp\htdocs\fingerprint\bootstrap\compiled.php(5065): Illuminate\Routing\Route->run(Object(Illuminate\Http\Request))
#9 C:\xampp\htdocs\fingerprint\bootstrap\compiled.php(5053): Illuminate\Routing\Router->dispatchToRoute(Object(Illuminate\Http\Request))
#10 C:\xampp\htdocs\fingerprint\bootstrap\compiled.php(715): Illuminate\Routing\Router->dispatch(Object(Illuminate\Http\Request))
#11 C:\xampp\htdocs\fingerprint\bootstrap\compiled.php(696): Illuminate\Foundation\Application->dispatch(Object(Illuminate\Http\Request))
#12 C:\xampp\htdocs\fingerprint\bootstrap\compiled.php(7825): Illuminate\Foundation\Application->handle(Object(Illuminate\Http\Request), 1, true)
#13 C:\xampp\htdocs\fingerprint\bootstrap\compiled.php(8432): Illuminate\Session\Middleware->handle(Object(Illuminate\Http\Request), 1, true)
#14 C:\xampp\htdocs\fingerprint\bootstrap\compiled.php(8379): Illuminate\Cookie\Queue->handle(Object(Illuminate\Http\Request), 1, true)
#15 C:\xampp\htdocs\fingerprint\bootstrap\compiled.php(11088): Illuminate\Cookie\Guard->handle(Object(Illuminate\Http\Request), 1, true)
#16 C:\xampp\htdocs\fingerprint\bootstrap\compiled.php(657): Stack\StackedHttpKernel->handle(Object(Illuminate\Http\Request))
#17 C:\xampp\htdocs\fingerprint\public\index.php(49): Illuminate\Foundation\Application->run()
#18 {main} [] []
[2016-02-14 15:40:12] production.ERROR: exception 'PDOException' with message 'SQLSTATE[23000]: Integrity constraint violation: 1452 Cannot add or update a child row: a foreign key constraint fails (`absensi`.`ta02`, CONSTRAINT `ta02_idabs_foreign` FOREIGN KEY (`idabs`) REFERENCES `ta01` (`idabs`))' in C:\xampp\htdocs\fingerprint\vendor\laravel\framework\src\Illuminate\Database\Connection.php:369
Stack trace:
#0 C:\xampp\htdocs\fingerprint\vendor\laravel\framework\src\Illuminate\Database\Connection.php(369): PDOStatement->execute(Array)
#1 C:\xampp\htdocs\fingerprint\vendor\laravel\framework\src\Illuminate\Database\Connection.php(617): Illuminate\Database\Connection->Illuminate\Database\{closure}(Object(Illuminate\Database\MySqlConnection), 'insert into `ta...', Array)
#2 C:\xampp\htdocs\fingerprint\vendor\laravel\framework\src\Illuminate\Database\Connection.php(581): Illuminate\Database\Connection->runQueryCallback('insert into `ta...', Array, Object(Closure))
#3 C:\xampp\htdocs\fingerprint\vendor\laravel\framework\src\Illuminate\Database\Connection.php(370): Illuminate\Database\Connection->run('insert into `ta...', Array, Object(Closure))
#4 C:\xampp\htdocs\fingerprint\vendor\laravel\framework\src\Illuminate\Database\Connection.php(327): Illuminate\Database\Connection->statement('insert into `ta...', Array)
#5 C:\xampp\htdocs\fingerprint\vendor\laravel\framework\src\Illuminate\Database\Query\Builder.php(1894): Illuminate\Database\Connection->insert('insert into `ta...', Array)
#6 C:\xampp\htdocs\fingerprint\app\controllers\FingerprintController.php(43): Illuminate\Database\Query\Builder->insert(Array)
#7 [internal function]: FingerprintController->index()
#8 C:\xampp\htdocs\fingerprint\vendor\laravel\framework\src\Illuminate\Routing\Controller.php(231): call_user_func_array(Array, Array)
#9 C:\xampp\htdocs\fingerprint\bootstrap\compiled.php(5847): Illuminate\Routing\Controller->callAction('index', Array)
#10 C:\xampp\htdocs\fingerprint\bootstrap\compiled.php(5835): Illuminate\Routing\ControllerDispatcher->call(Object(FingerprintController), Object(Illuminate\Routing\Route), 'index')
#11 C:\xampp\htdocs\fingerprint\bootstrap\compiled.php(5040): Illuminate\Routing\ControllerDispatcher->dispatch(Object(Illuminate\Routing\Route), Object(Illuminate\Http\Request), 'FingerprintCont...', 'index')
#12 [internal function]: Illuminate\Routing\Router->Illuminate\Routing\{closure}()
#13 C:\xampp\htdocs\fingerprint\bootstrap\compiled.php(5398): call_user_func_array(Object(Closure), Array)
#14 C:\xampp\htdocs\fingerprint\bootstrap\compiled.php(5065): Illuminate\Routing\Route->run(Object(Illuminate\Http\Request))
#15 C:\xampp\htdocs\fingerprint\bootstrap\compiled.php(5053): Illuminate\Routing\Router->dispatchToRoute(Object(Illuminate\Http\Request))
#16 C:\xampp\htdocs\fingerprint\bootstrap\compiled.php(715): Illuminate\Routing\Router->dispatch(Object(Illuminate\Http\Request))
#17 C:\xampp\htdocs\fingerprint\bootstrap\compiled.php(696): Illuminate\Foundation\Application->dispatch(Object(Illuminate\Http\Request))
#18 C:\xampp\htdocs\fingerprint\bootstrap\compiled.php(7825): Illuminate\Foundation\Application->handle(Object(Illuminate\Http\Request), 1, true)
#19 C:\xampp\htdocs\fingerprint\bootstrap\compiled.php(8432): Illuminate\Session\Middleware->handle(Object(Illuminate\Http\Request), 1, true)
#20 C:\xampp\htdocs\fingerprint\bootstrap\compiled.php(8379): Illuminate\Cookie\Queue->handle(Object(Illuminate\Http\Request), 1, true)
#21 C:\xampp\htdocs\fingerprint\bootstrap\compiled.php(11088): Illuminate\Cookie\Guard->handle(Object(Illuminate\Http\Request), 1, true)
#22 C:\xampp\htdocs\fingerprint\bootstrap\compiled.php(657): Stack\StackedHttpKernel->handle(Object(Illuminate\Http\Request))
#23 C:\xampp\htdocs\fingerprint\public\index.php(49): Illuminate\Foundation\Application->run()
#24 {main}

Next exception 'Illuminate\Database\QueryException' with message 'SQLSTATE[23000]: Integrity constraint violation: 1452 Cannot add or update a child row: a foreign key constraint fails (`absensi`.`ta02`, CONSTRAINT `ta02_idabs_foreign` FOREIGN KEY (`idabs`) REFERENCES `ta01` (`idabs`)) (SQL: insert into `ta02` (`idabs`, `idkar`, `tglmsk`, `abscd`) values (3, 2, 2016-02-14 22:40:08, 1))' in C:\xampp\htdocs\fingerprint\vendor\laravel\framework\src\Illuminate\Database\Connection.php:625
Stack trace:
#0 C:\xampp\htdocs\fingerprint\vendor\laravel\framework\src\Illuminate\Database\Connection.php(581): Illuminate\Database\Connection->runQueryCallback('insert into `ta...', Array, Object(Closure))
#1 C:\xampp\htdocs\fingerprint\vendor\laravel\framework\src\Illuminate\Database\Connection.php(370): Illuminate\Database\Connection->run('insert into `ta...', Array, Object(Closure))
#2 C:\xampp\htdocs\fingerprint\vendor\laravel\framework\src\Illuminate\Database\Connection.php(327): Illuminate\Database\Connection->statement('insert into `ta...', Array)
#3 C:\xampp\htdocs\fingerprint\vendor\laravel\framework\src\Illuminate\Database\Query\Builder.php(1894): Illuminate\Database\Connection->insert('insert into `ta...', Array)
#4 C:\xampp\htdocs\fingerprint\app\controllers\FingerprintController.php(43): Illuminate\Database\Query\Builder->insert(Array)
#5 [internal function]: FingerprintController->index()
#6 C:\xampp\htdocs\fingerprint\vendor\laravel\framework\src\Illuminate\Routing\Controller.php(231): call_user_func_array(Array, Array)
#7 C:\xampp\htdocs\fingerprint\bootstrap\compiled.php(5847): Illuminate\Routing\Controller->callAction('index', Array)
#8 C:\xampp\htdocs\fingerprint\bootstrap\compiled.php(5835): Illuminate\Routing\ControllerDispatcher->call(Object(FingerprintController), Object(Illuminate\Routing\Route), 'index')
#9 C:\xampp\htdocs\fingerprint\bootstrap\compiled.php(5040): Illuminate\Routing\ControllerDispatcher->dispatch(Object(Illuminate\Routing\Route), Object(Illuminate\Http\Request), 'FingerprintCont...', 'index')
#10 [internal function]: Illuminate\Routing\Router->Illuminate\Routing\{closure}()
#11 C:\xampp\htdocs\fingerprint\bootstrap\compiled.php(5398): call_user_func_array(Object(Closure), Array)
#12 C:\xampp\htdocs\fingerprint\bootstrap\compiled.php(5065): Illuminate\Routing\Route->run(Object(Illuminate\Http\Request))
#13 C:\xampp\htdocs\fingerprint\bootstrap\compiled.php(5053): Illuminate\Routing\Router->dispatchToRoute(Object(Illuminate\Http\Request))
#14 C:\xampp\htdocs\fingerprint\bootstrap\compiled.php(715): Illuminate\Routing\Router->dispatch(Object(Illuminate\Http\Request))
#15 C:\xampp\htdocs\fingerprint\bootstrap\compiled.php(696): Illuminate\Foundation\Application->dispatch(Object(Illuminate\Http\Request))
#16 C:\xampp\htdocs\fingerprint\bootstrap\compiled.php(7825): Illuminate\Foundation\Application->handle(Object(Illuminate\Http\Request), 1, true)
#17 C:\xampp\htdocs\fingerprint\bootstrap\compiled.php(8432): Illuminate\Session\Middleware->handle(Object(Illuminate\Http\Request), 1, true)
#18 C:\xampp\htdocs\fingerprint\bootstrap\compiled.php(8379): Illuminate\Cookie\Queue->handle(Object(Illuminate\Http\Request), 1, true)
#19 C:\xampp\htdocs\fingerprint\bootstrap\compiled.php(11088): Illuminate\Cookie\Guard->handle(Object(Illuminate\Http\Request), 1, true)
#20 C:\xampp\htdocs\fingerprint\bootstrap\compiled.php(657): Stack\StackedHttpKernel->handle(Object(Illuminate\Http\Request))
#21 C:\xampp\htdocs\fingerprint\public\index.php(49): Illuminate\Foundation\Application->run()
#22 {main} [] []
[2016-02-14 15:46:36] production.ERROR: exception 'PDOException' with message 'SQLSTATE[23000]: Integrity constraint violation: 1452 Cannot add or update a child row: a foreign key constraint fails (`absensi`.`ta02`, CONSTRAINT `ta02_idabs_foreign` FOREIGN KEY (`idabs`) REFERENCES `ta01` (`idabs`))' in C:\xampp\htdocs\fingerprint\vendor\laravel\framework\src\Illuminate\Database\Connection.php:369
Stack trace:
#0 C:\xampp\htdocs\fingerprint\vendor\laravel\framework\src\Illuminate\Database\Connection.php(369): PDOStatement->execute(Array)
#1 C:\xampp\htdocs\fingerprint\vendor\laravel\framework\src\Illuminate\Database\Connection.php(617): Illuminate\Database\Connection->Illuminate\Database\{closure}(Object(Illuminate\Database\MySqlConnection), 'insert into `ta...', Array)
#2 C:\xampp\htdocs\fingerprint\vendor\laravel\framework\src\Illuminate\Database\Connection.php(581): Illuminate\Database\Connection->runQueryCallback('insert into `ta...', Array, Object(Closure))
#3 C:\xampp\htdocs\fingerprint\vendor\laravel\framework\src\Illuminate\Database\Connection.php(370): Illuminate\Database\Connection->run('insert into `ta...', Array, Object(Closure))
#4 C:\xampp\htdocs\fingerprint\vendor\laravel\framework\src\Illuminate\Database\Connection.php(327): Illuminate\Database\Connection->statement('insert into `ta...', Array)
#5 C:\xampp\htdocs\fingerprint\vendor\laravel\framework\src\Illuminate\Database\Query\Builder.php(1894): Illuminate\Database\Connection->insert('insert into `ta...', Array)
#6 C:\xampp\htdocs\fingerprint\app\controllers\FingerprintController.php(40): Illuminate\Database\Query\Builder->insert(Array)
#7 [internal function]: FingerprintController->index()
#8 C:\xampp\htdocs\fingerprint\vendor\laravel\framework\src\Illuminate\Routing\Controller.php(231): call_user_func_array(Array, Array)
#9 C:\xampp\htdocs\fingerprint\bootstrap\compiled.php(5847): Illuminate\Routing\Controller->callAction('index', Array)
#10 C:\xampp\htdocs\fingerprint\bootstrap\compiled.php(5835): Illuminate\Routing\ControllerDispatcher->call(Object(FingerprintController), Object(Illuminate\Routing\Route), 'index')
#11 C:\xampp\htdocs\fingerprint\bootstrap\compiled.php(5040): Illuminate\Routing\ControllerDispatcher->dispatch(Object(Illuminate\Routing\Route), Object(Illuminate\Http\Request), 'FingerprintCont...', 'index')
#12 [internal function]: Illuminate\Routing\Router->Illuminate\Routing\{closure}()
#13 C:\xampp\htdocs\fingerprint\bootstrap\compiled.php(5398): call_user_func_array(Object(Closure), Array)
#14 C:\xampp\htdocs\fingerprint\bootstrap\compiled.php(5065): Illuminate\Routing\Route->run(Object(Illuminate\Http\Request))
#15 C:\xampp\htdocs\fingerprint\bootstrap\compiled.php(5053): Illuminate\Routing\Router->dispatchToRoute(Object(Illuminate\Http\Request))
#16 C:\xampp\htdocs\fingerprint\bootstrap\compiled.php(715): Illuminate\Routing\Router->dispatch(Object(Illuminate\Http\Request))
#17 C:\xampp\htdocs\fingerprint\bootstrap\compiled.php(696): Illuminate\Foundation\Application->dispatch(Object(Illuminate\Http\Request))
#18 C:\xampp\htdocs\fingerprint\bootstrap\compiled.php(7825): Illuminate\Foundation\Application->handle(Object(Illuminate\Http\Request), 1, true)
#19 C:\xampp\htdocs\fingerprint\bootstrap\compiled.php(8432): Illuminate\Session\Middleware->handle(Object(Illuminate\Http\Request), 1, true)
#20 C:\xampp\htdocs\fingerprint\bootstrap\compiled.php(8379): Illuminate\Cookie\Queue->handle(Object(Illuminate\Http\Request), 1, true)
#21 C:\xampp\htdocs\fingerprint\bootstrap\compiled.php(11088): Illuminate\Cookie\Guard->handle(Object(Illuminate\Http\Request), 1, true)
#22 C:\xampp\htdocs\fingerprint\bootstrap\compiled.php(657): Stack\StackedHttpKernel->handle(Object(Illuminate\Http\Request))
#23 C:\xampp\htdocs\fingerprint\public\index.php(49): Illuminate\Foundation\Application->run()
#24 {main}

Next exception 'Illuminate\Database\QueryException' with message 'SQLSTATE[23000]: Integrity constraint violation: 1452 Cannot add or update a child row: a foreign key constraint fails (`absensi`.`ta02`, CONSTRAINT `ta02_idabs_foreign` FOREIGN KEY (`idabs`) REFERENCES `ta01` (`idabs`)) (SQL: insert into `ta02` (`idabs`, `idkar`, `tglmsk`, `abscd`) values (2, 2, 2016-02-14 22:46:32, 1))' in C:\xampp\htdocs\fingerprint\vendor\laravel\framework\src\Illuminate\Database\Connection.php:625
Stack trace:
#0 C:\xampp\htdocs\fingerprint\vendor\laravel\framework\src\Illuminate\Database\Connection.php(581): Illuminate\Database\Connection->runQueryCallback('insert into `ta...', Array, Object(Closure))
#1 C:\xampp\htdocs\fingerprint\vendor\laravel\framework\src\Illuminate\Database\Connection.php(370): Illuminate\Database\Connection->run('insert into `ta...', Array, Object(Closure))
#2 C:\xampp\htdocs\fingerprint\vendor\laravel\framework\src\Illuminate\Database\Connection.php(327): Illuminate\Database\Connection->statement('insert into `ta...', Array)
#3 C:\xampp\htdocs\fingerprint\vendor\laravel\framework\src\Illuminate\Database\Query\Builder.php(1894): Illuminate\Database\Connection->insert('insert into `ta...', Array)
#4 C:\xampp\htdocs\fingerprint\app\controllers\FingerprintController.php(40): Illuminate\Database\Query\Builder->insert(Array)
#5 [internal function]: FingerprintController->index()
#6 C:\xampp\htdocs\fingerprint\vendor\laravel\framework\src\Illuminate\Routing\Controller.php(231): call_user_func_array(Array, Array)
#7 C:\xampp\htdocs\fingerprint\bootstrap\compiled.php(5847): Illuminate\Routing\Controller->callAction('index', Array)
#8 C:\xampp\htdocs\fingerprint\bootstrap\compiled.php(5835): Illuminate\Routing\ControllerDispatcher->call(Object(FingerprintController), Object(Illuminate\Routing\Route), 'index')
#9 C:\xampp\htdocs\fingerprint\bootstrap\compiled.php(5040): Illuminate\Routing\ControllerDispatcher->dispatch(Object(Illuminate\Routing\Route), Object(Illuminate\Http\Request), 'FingerprintCont...', 'index')
#10 [internal function]: Illuminate\Routing\Router->Illuminate\Routing\{closure}()
#11 C:\xampp\htdocs\fingerprint\bootstrap\compiled.php(5398): call_user_func_array(Object(Closure), Array)
#12 C:\xampp\htdocs\fingerprint\bootstrap\compiled.php(5065): Illuminate\Routing\Route->run(Object(Illuminate\Http\Request))
#13 C:\xampp\htdocs\fingerprint\bootstrap\compiled.php(5053): Illuminate\Routing\Router->dispatchToRoute(Object(Illuminate\Http\Request))
#14 C:\xampp\htdocs\fingerprint\bootstrap\compiled.php(715): Illuminate\Routing\Router->dispatch(Object(Illuminate\Http\Request))
#15 C:\xampp\htdocs\fingerprint\bootstrap\compiled.php(696): Illuminate\Foundation\Application->dispatch(Object(Illuminate\Http\Request))
#16 C:\xampp\htdocs\fingerprint\bootstrap\compiled.php(7825): Illuminate\Foundation\Application->handle(Object(Illuminate\Http\Request), 1, true)
#17 C:\xampp\htdocs\fingerprint\bootstrap\compiled.php(8432): Illuminate\Session\Middleware->handle(Object(Illuminate\Http\Request), 1, true)
#18 C:\xampp\htdocs\fingerprint\bootstrap\compiled.php(8379): Illuminate\Cookie\Queue->handle(Object(Illuminate\Http\Request), 1, true)
#19 C:\xampp\htdocs\fingerprint\bootstrap\compiled.php(11088): Illuminate\Cookie\Guard->handle(Object(Illuminate\Http\Request), 1, true)
#20 C:\xampp\htdocs\fingerprint\bootstrap\compiled.php(657): Stack\StackedHttpKernel->handle(Object(Illuminate\Http\Request))
#21 C:\xampp\htdocs\fingerprint\public\index.php(49): Illuminate\Foundation\Application->run()
#22 {main} [] []
